	.text
	.syntax unified
	.eabi_attribute	67, "2.09"	@ Tag_conformance
	.cpu	cortex-m4
	.eabi_attribute	6, 13	@ Tag_CPU_arch
	.eabi_attribute	7, 77	@ Tag_CPU_arch_profile
	.eabi_attribute	8, 0	@ Tag_ARM_ISA_use
	.eabi_attribute	9, 2	@ Tag_THUMB_ISA_use
	.fpu	fpv4-sp-d16
	.eabi_attribute	27, 1	@ Tag_ABI_HardFP_use
	.eabi_attribute	36, 1	@ Tag_FP_HP_extension
	.eabi_attribute	34, 1	@ Tag_CPU_unaligned_access
	.eabi_attribute	17, 1	@ Tag_ABI_PCS_GOT_use
	.eabi_attribute	20, 2	@ Tag_ABI_FP_denormal
	.eabi_attribute	21, 0	@ Tag_ABI_FP_exceptions
	.eabi_attribute	23, 1	@ Tag_ABI_FP_number_model
	.eabi_attribute	24, 1	@ Tag_ABI_align_needed
	.eabi_attribute	25, 1	@ Tag_ABI_align_preserved
	.eabi_attribute	28, 1	@ Tag_ABI_VFP_args
	.eabi_attribute	38, 1	@ Tag_ABI_FP_16bit_format
	.eabi_attribute	18, 4	@ Tag_ABI_PCS_wchar_t
	.eabi_attribute	26, 2	@ Tag_ABI_enum_size
	.eabi_attribute	14, 0	@ Tag_ABI_PCS_R9_use
	.file	"main.cpp"
	.file	1 "E:\\PROJ\\mcudev\\STM32F4x\\IGTx(iCore)\\001-GPIO\350\276\223\345\205\245\350\276\223\345\207\272\\keiluni" "../../../../../SVGN/unisym/inc/cpp\\MCU/ST/../../Device/../../c/driver/../../cpp/Device/GPIO"
	.file	2 "E:\\PROJ\\mcudev\\STM32F4x\\IGTx(iCore)\\001-GPIO\350\276\223\345\205\245\350\276\223\345\207\272\\keiluni" "main.cpp"
	.file	3 "E:\\software\\Keil\\ARM\\ARMCLANG\\Bin\\..\\include" "stdint.h"
	.file	4 "E:\\software\\Keil\\ARM\\ARMCLANG\\Bin\\..\\include" "stddef.h"
	.type	.Lllvm.embedded.module,%object  @ @llvm.embedded.module
	.section	.llvmbc,"",%progbits
	.p2align	4, 0x0
.Lllvm.embedded.module:
	.asciz	"BC\300\3365\024\000\000\005\000\000\000b\f0$MY\276f\255\373\264O\033\310$D\0012\005\000!\f\000\000`\b\000\000\013\002!\000\002\000\000\000\026\000\000\000\007\201#\221A\310\004I\006\02029\222\001\204\f%\005\b\031\036\004\213b\200\024E\002B\222\013B\244\0202\0248\b\030K\n2R\210Hp\304!#D\022\207\214\020A\222\002d\310\b\261\024 CF\210 \311\0012R\204\030*(*\2201|\260\\\221 \305\310\000\000\000\211 \000\000>\000\000\0002\"H\t bF\000!+$\230\024!%$\230\024\031'\f\205\244\220`Rd\\ $e\202\200\2529\0020\230#@t@\314t\006\343\300\016\3410\017\363\340\006\365\340\016\351\240\007zp\n\345\340\016\345 \017\341\300\016\260P\017\362\000\017\3570\017\345\220\n\356\000\017\365@\017\257P\017\364\000\017\365@\017\260\220\016\356\220\t\020\304P\b2\0235\016\354\020\016\3630\017nP\017\356\220\016z\240\007\262P\016\346P\016\362P\016\3560\016\345\220\0020\023\032\214\003;\204\303<\314\203\033\324\203;\244\203\036\350\301)\224\203;\224\203<\204\003;\300B=\310\003<\274\303<\224C*\270\003<\324\003=\274B=\320\003<\324\003=\300\302;\310\003=\244%\024\022\2141\306\030s\206\000\200\006 \r\000#\000&Xf\000@\230 \314\021\004\246X \204g\006\000\300@\300\024\000\000\000Q\030\000\000\257\002\000\000\033\304)\370\377\377\377\377\001p\000\211 \207rp\207w\220\207v\b\007vh\003s\200\2076h\207p\240\007t\000\340A\036\312a\036\312A\036\354\241\034\332`\036\322\341\034\334\201\r\340A\036\312a\036\312A\036\354\241\034\332`\036\322\341\034\334\001 \314A\036\302\241\035\312\241\r\340\341\035\322\301\035\350\241\034\344\001p\207wp\207r\000\210vH\007wh\003v(\207s\b\007vh\003{(\207q\240\207w\220\2076\270\207t \007z@\007\000\016\000\302\035\336\241\r\322\301\035\314a\036\332\300\034\340\241\r\332!\034\350\001\035\000z\220\207z(\007\200p\207wh\003w\b\007w\230\20760\007xh\203v\b\007z@\007\200\036\344\241\036\312\001 \334\341\035\332`\036\322\341\034\334\241\034\310\241\r\364\241\034\344\341\035\346\241\r\314\001\036\332\240\035\302\201\036\320\001\240\007y\250\207r\000\210y\240\207p\030\207uh\003x\220\207w\240\207r\030\007zx\007yh\003q\250\007s0\207r\220\2076\230\207t\320\207r\000\360\000 \350!\034\344\341\034\312\201\036\332`\034\340\241\036\200qx\007y\240\207r\300\2076h\007:\000\bz\b\007y8\207r\240\20760\207r\b\007z\250\007y(\207y\000\326 \034\344\241\035\354\341\016\312\241\r\332\201\r\326\200\034\346\001\036\330`\r\314\001\036\342\300\016\330`\r\320\341\036\310!\035\354\201\r\326\200\036\320\241\036\332A\034\332\240\035\336\201\034\312\201\r\326\300\036\314\001\036\344`\036\340\201\r\326\300\036\314\001\036\346\200\034\342\300\016\346\001\036\330`\r\354\301\034\340\201\016\310!\016\354`\036\340\201\r\332 \034\312a\036\330\240\r\304\301\034\342\300\016\330\240\r\306\201\034\312a\034\340\001\016\330\240\r\306\201\034\312a\034\340!\016\330\240\r\306\201\034\312a\034\340A\016\330\240\r\306\201\034\312a\034\340a\016\330\240\r\306\201\034\312a\034\340\201\016\330\240\r\306\201\034\312a\034\340\241\016\330\240\r\306\201\034\312a\034\340\301\016\330\240\r\306\201\034\312a\034\340\341\016\330\240\r\306A\036\306\201\r\332`\034\344!\037\340\201\036\336\201\r\332\200\034\346@\016\330\240\r\310\341\035\350\001\036\344\341\035\310\201\r\332\300\034\306\241\034\330\240\r\314\001\036\332 \034\344\241\035\354\001\017\330\240\r\314\001\036\332 \034\344\241\035\354\001\017\310!\016\354\200\r\332\300\034\340\241\r\302A\036\332\301\036\360\200\034\342\300\016\346\001\036\330\240\r\314\001\036\332 \034\344\241\035\354\001\017\346\001\036\330\240\r\314\001\036\342\300\016\314\241\035\330\201\r\332\300\034\340\301\016\350\200\r\332\300\034\352\201\035\330\301\034\340!\016\354\200\r\332\000\035\356\201\034\322\301\036\332 \034\344\241\035\330\240\r\322\001\017\332\241\035\330\240\r\330\341\035\304\201\r\332\240\035\354\241\034\330\240\r\332\301\036\312\301\r\314\001\036\330\240\r\334\241\034\336\301\035\330\240\r\340!\034\306A\034\350!\035\330\240\r\344!\034\346\201\r\332`\036\304\201\r\332`\036\320!\034\344\200\r\332\300\036\314\001\036\344\200\r\332\300\036\314\001\036\346\200\r\332\300\036\314\001\036\346\200\034\342\300\016\330\240\r\354\301\034\340a\016\346\001\036\330\240\r\354\301\034\340\201\016\330\240\r\354\301\034\340\201\016\310!\016\354\200\r\332\300\036\314\001\036\350`\036\340\001\330@J\302\377\377\377\377\017\0049\224\203;\274\203<\264C8\260C\033\230\003<\264A;\204\003=\240\003\000\017\362P\016\363P\016\362`\017\345\320\006\363\220\016\347\340\016l\000\017\362P\016\363P\016\362`\017\345\320\006\363\220\016\347\340\016\000a\016\362\020\016\355P\016m\000\017\357\220\016\356@\017\345 \017\200;\274\203;\224\003@\270\303;\264A:\270\2039\314C\033\230\003<\264A;\204\003=\240\003@\017\362P\017\345\000\020\356\360\016m\340\016\341\340\016\363\320\006\346\000\017m\320\016\341@\017\350\000\320\203<\324C9\000\204;\274C\033\314C:\234\203;\224\0039\264\201>\224\203<\274\303<\264\2019\300C\033\264C8\320\003:\000\364 \017\365P\016\0001\017\364\020\016\343\260\016m\000\017\362\360\016\364P\016\343@\017\357 \017m \016\365`\016\346P\016\362\320\006\363\220\016\372P\016\000\036\000\004=\204\203<\234C9\320C\033\214\003<\324\0030\016\357 \017\364P\016\370\320\006\355@\007\000A\017\341 \017\347P\016\364\320\006\346P\016\341@\017\365 \017\3450\017\300\032\204\203<\264\203=\334A9\264A;\260\301\032\220\303<\300\003\033\254\2019\300C\034\330\001\033\254\001:\334\0039\244\203=\260\301\032\320\003:\324C;\210C\033\264\303;\220C9\260\301\032\330\2039\300\203\034\314\003<\260\301\032\330\2039\300\303\034\220C\034\330\301<\300\003\033\254\201=\230\003<\320\0019\304\201\035\314\003<\260A\033\204C9\314\003\033\264\2018\230C\034\330\001\033\264\3018\220C9\214\003<\300\001\033\264\3018\220C9\214\003<\304\001\033\264\3018\220C9\214\003<\310\001\033\264\3018\220C9\214\003<\314\001\033\264\3018\220C9\214\003<\320\001\033\264\3018\220C9\214\003<\324\001\033\264\3018\220C9\214\003<\330\001\033\264\3018\220C9\214\003<\334\001\033\264\3018\310\3038\260A\033\214\203<\344\003<\320\303;\260A\033\220\303\034\310\001\033\264\0019\274\003=\300\203<\274\0039\260A\033\230\3038\224\003\033\264\2019\300C\033\204\203<\264\203=\340\001\033\264\2019\300C\033\204\203<\264\203=\340\0019\304\201\035\260A\033\230\003<\264A8\310C;\330\003\036\220C\034\330\301<\300\003\033\264\2019\300C\033\204\203<\264\203=\340\301<\300\003\033\264\2019\300C\034\330\2019\264\003;\260A\033\230\003<\330\001\035\260A\033\230C=\260\003;\230\003<\304\201\035\260A\033\240\303=\220C:\330C\033\204\203<\264\003\033\264A:\340A;\264\003\033\264\001;\274\2038\260A\033\264\203=\224\003\033\264A;\330C9\270\2019\300\003\033\264\201;\224\303;\270\003\033\264\001<\204\3038\210\003=\244\003\033\264\201<\204\303<\260A\033\314\2038\260A\033\314\003:\204\203\034\260A\033\330\2039\300\203\034\260A\033\330\2039\300\303\034\260A\033\330\2039\300\303\034\220C\034\330\001\033\264\201=\230\003<\314\301<\300\003\033\264\201=\230\003<\320\001\033\264\201=\230\003<\320\0019\304\201\035\260A\033\330\2039\300\003\035\314\003<\000\033\230\001\000H\0018\203  \2024H60D\000\220\002p\006A@\004i\000\037\033\214B\000H\001\020\203\r\350d\374\377\377\377\377\000\230\002\340\000p\000H@\031\020\344P\016\356\360\016\362\320\016\341\300\016m`\016\360\320\006\355\020\016\364\200\016\000<\310C9\314C9\310\203=\224C\033\314C:\234\203;\260\001<\310C9\314C9\310\203=\224C\033\314C:\234\203;\000\2049\310C8\264C9\264\001<\274C:\270\003=\224\203<\000\356\360\016\356P\016\000\321\016\351\340\016m\300\016\345p\016\341\300\016m`\017\3450\016\364\360\016\362\320\006\367\220\016\344@\017\350\000\300\001@\270\303;\264A:\270\2039\314C\033\230\003<\264A;\204\003=\240\003@\017\362P\017\345\000\020\356\360\016m\340\016\341\340\016\363\320\006\346\000\017m\320\016\341@\017\350\000\320\203<\324C9\000\204;\274C\033\314C:\234\203;\224\0039\264\201>\224\203<\274\303<\264\2019\300C\033\264C8\320\003:\000\364 \017\365P\016\0001\017\364\020\016\343\260\016m\000\017\362\360\016\364P\016\343@\017\357 \017m \016\365`\016\346P\016\362\320\006\363\220\016\372P\016\000\036\000\004=\204\203<\234C9\320C\033\214\003<\324\0030\016\357 \017\364P\016\370\320\006\355@\007\000A\017\341 \017\347P\016\364\320\006\346P\016\341@\017\365 \017\3450\017\300\032\204\203<\264\203=\334A9\264A;\260\301\032\220\303<\300\003\033\254\2019\300C\034\330\001\033\254\001:\334\0039\244\203=\260\301\032\320\003:\324C;\210C\033\264\303;\220C9\260\301\032\330\2039\300\203\034\314\003<\260\301\032\330\2039\300\303\034\220C\034\330\301<\300\003\033\254\201=\230\003<\320\0019\304\201\035\314\003<\260A\033\204C9\314\003\033\264\2018\230C\034\330\001\033\264\3018\220C9\214\003<\300\001\033\264\3018\220C9\214\003<\304\001\033\264\3018\220C9\214\003<\310\001\033\264\3018\220C9\214\003<\314\001\033\264\3018\220C9\214\003<\320\001\033\264\3018\220C9\214\003<\324\001\033\264\3018\220C9\214\003<\330\001\033\264\3018\220C9\214\003<\334\001\033\264\3018\310\3038\260A\033\214\203<\344\003<\320\303;\260A\033\220\303\034\310\001\033\264\0019\274\003=\300\203<\274\0039\260A\033\230\3038\224\003\033\264\2019\300C\033\204\203<\264\203=\340\001\033\264\2019\300C\033\204\203<\264\203=\340\0019\304\201\035\260A\033\230\003<\264A8\310C;\330\003\036\220C\034\330\301<\300\003\033\264\2019\300C\033\204\203<\264\203=\340\301<\300\003\033\264\2019\300C\034\330\2019\264\003;\260A\033\230\003<\330\001\035\260A\033\230C=\260\003;\230\003<\304\201\035\260A\033\240\303=\220C:\330C\033\204\203<\264\003\033\264A:\340A;\264\003\033\264\001;\274\2038\260A\033\264\203=\224\003\033\264A;\330C9\270\2019\300\003\033\264\201;\224\303;\270\003\033\264\001<\204\3038\210\003=\244\003\033\264\201<\204\303<\260A\033\314\2038\260A\033\314\003:\204\203\034\260A\033\330\2039\300\203\034\260A\033\330\2039\300\303\034\260A\033\330\2039\300\303\034\220C\034\330\001\033\264\201=\230\003<\314\301<\300\003\033\264\201=\230\003<\320\001\033\264\201=\230\003<\320\0019\304\201\035\260A\033\330\2039\300\003\035\314\003<\000\033\210\003\000Ha\003\203\004\000)\000g\020\004D\220\006\311\006\"\021\000R\330@(\003@\n\033\214\205\000H\001\020\203\r\f#\000\244\000\234A\020\020A\032$\000\000\000I\030\000\000\t\000\000\000\023\202`\002!\fD1A0\216\t\205\200$\3122\201\020\006\204\2310\fD1\201@\022e\2310\f\b\003\000\0232z@\207zh\007q\260\207;(\207vh\203p\220\207vh\003wx\007w(\2076(\207p\020\207t@\007s\3300\007\345\320\006\355\240\007\345\320\006\360\240\007s \007z0\007r\320\006\246\220\016x\320\006\351`\007t\240\007v@\007m`\017q \007x\240\007v@\007z\020\007r\200\007m\020\016z\000\007z0\007r\320\006\3560\007r\320\006\263`\007t\260\002r\203P\220\205Vp\203z\230\207r\370\005wx\207_\b\007y8\007{X\321\260\003;\330C;\270A;\224\003=\204\0039\204\003=\204\203\322\003B\204\204\220!#E\204\b\215\020\206E\030\000i|\341yvL\000\001\b\0320\000\001\000\000\000\000\004\004\000\354\230\b\347\020\000`\000\000\000\000\000\000\b\b\000\3301I\004 h\300\000\004\000\000\000\000\020\020\000\260c\262\b@\320\200\001\b\000\000\000\000  \000`\307\244\r\200\240\001\003\020\000\000\000\000@@\000\300\216\251s\016\001\000\006\000\000\000\000\000\200\200\000\000\256D\244\300\t OD\b\02386%\250\320\t\034R\331B\305\000\300\020\000\000\000\000\000\000\000@\000\020\300\220j\035\324\240\001\002@\000\000\000\000\000\000\000\200\000 \200!UM\\\f\000\f\001\000\000\000\000\000\000\000\004\000\001\f\251\330\342b\000`\b\000\000\000\000\000\000\000 \000\b`H5\032\027\003\000C\000\000\000\000\000\000\000\000\001@\000C*\335 \034\000\000\006\000\b\000\000\000\000\000\b\000\002\030R\371F-@@\000\020\000\000\000\000\000\000\000\020\000\0040\244\232\2236\210\200\000(\000\000\000\000\000\000\000 \000\b`H\005.\027\003\000C\000\000\000\000\000\000\000\000\001@\000\022\033\004\n\203!\000\000d\201\000\000\013\000\000\0002\036\230\024\031\021L\220\214\t&G\306\004C\n%P\376\377\007\345P\bEP\006#\000\004F\000\b\3410c\246\204\201&\205\301\001\000\261\030\000\000\265\000\000\0003\b\200\034\304\341\034f\024\001=\210C8\204\303\214B\200\007yx\007s\230q\f\346\000\017\355\020\016\364\200\0163\fB\036\302\301\035\316\241\034f0\005=\210C8\204\203\033\314\003=\310C=\214\003=\314x\214tp\007{\b\007yH\207pp\007zp\003vx\207p \207\031\314\021\016\354\220\016\3410\017n0\017\343\360\016\360P\0163\020\304\035\336!\034\330!\035\302a\036f0\211;\274\203;\320C9\264\003<\274\203<\204\003;\314\360\024v`\007{h\0077h\207rh\0077\200\207p\220\207p`\007v(\007v\370\005vx\207w\200\207_\b\207q\030\207r\230\207y\230\201,\356\360\016\356\340\016\365\300\016\3540\003b\310\241\034\344\241\034\314\241\034\344\241\034\334a\034\312!\034\304\201\035\312a\006\326\220C9\310C9\230C9\310C9\270\3038\224C8\210\003;\224\303/\274\203<\374\202;\324\003;\260\303\f\307i\207pX\207rp\203th\007x`\207t\030\207t\240\207\031\316S\017\356\000\017\362P\016\344\220\016\343@\017\341 \016\354P\0163 (\035\334\301\036\302A\036\322!\034\334\201\036\334\340\034\344\341\035\352\001\036f\030Q8\260C:\234\203;\314P$v`\007{h\0077`\207wx\007x\230QL\364\220\017\360P\0163\036j\036\312a\034\350!\035\336\301\035~\001\036\344\241\034\314!\035\360a\006T\205\2038\314\303;\260C=\320C9\374\302<\344C;\210\303;\260\303\214\305\n\207y\230\207w\030\207t\b\007z(\007r\230\201\\\343\020\016\354\300\016\345P\016\3630#\301\322A\036\344\341\027\330\341\035\336\001\036fH\031;\260\203=\264\203\033\204\3038\214C9\314\303<\270\3019\310\303;\324\003<\314H\264q\b\007v`\007q\b\207qX\207\031\333\306\016\354`\017\355\340\006\360 \017\3450\017\345 \017\366P\016n\020\016\3430\016\3450\017\363\340\006\351\340\016\344P\016\3700#\342\354a\034\302\201\035\330\341\027\354!\035\346!\035\304!\035\330!\035\350!\037f \235;\274C=\270\0039\224\2039\314X\274pp\007wx\007z\b\007zH\207wp\207\031\313\347\016\3570\017\341\340\016\351@\017\351\240\017\3450\303\001\003s\250\007w\030\207_\230\207pp\207t\240\207t\320\207r\230\201\204A9\340\3038\260C=\220C9\314@\304\240\035\312\241\035\340A\036\336\301\034f$c0\016\341\300\016\3540\017\351@\017\3450C!\203u\030\007sH\207_\240\207|\200\207r\230\261\224\001<\214\303<\224\3038\320C:\274\203;\314\003\000\000\000y \000\000\272\002\000\000r\036H C\210\f\031\tr2H #\201\214\221\221\321D\240\020(d<12B\216\220!\243\230\n|\260\217\001\000\000\b(\214\302.\f\b\3010\315\003%\313q`\003\302\241\001A\020u`,Gq\fGr4\210\203 \022\3234M\3438\316\3020\f\3234\r\222 I\035\030\311\2624\222\322H\322D\000main.cppE:\\PROJ\\mcudev\\STM32F4x\\IGTx(iCore)\\001-GPIO\350\276\223\345\205\245\350\276\223\345\207\272\\keiluniComponent: Arm Compiler for Embedded 6.19 Tool: armclang [5e73cb00]../../../../../SVGN/unisym/inc/cpp\\MCU/ST/../../Device/../../c/driver/../../cpp/Device/GPIOuniGPIOModeModeunsigned intOUT_PushPullOUT_OpenDrainOUT_AF_PushPullOUT_AF_OpenDrainIN_AnalogIN_FloatingIN_PullIN_KEPT_ZTSN3uni8GPIOMode4ModeEKEYGPIO_PinGeneralPurposeInputOutputPin_ZTSN3uni28GeneralPurposeInputOutputPinELEDBLEDGLEDRE:\\software\\Keil\\ARM\\ARMCLANG\\Bin\\..\\include\\stdint.hint8_tsigned charint16_tshortint32_tintint64_tlong longuint8_tunsigned charuint16_tunsigned shortuint32_tuint64_tunsigned long longint_least8_tint_least16_tint_least32_tint_least64_tuint_least8_tuint_least16_tuint_least32_tuint_least64_tint_fast8_tint_fast16_tint_fast32_tint_fast64_tuint_fast8_tuint_fast16_tuint_fast32_tuint_fast64_tintptr_tuintptr_tintmax_tuintmax_tE:\\software\\Keil\\ARM\\ARMCLANG\\Bin\\..\\include\\stddef.hsize_tptrdiff_tmax_align_tlong doubleDwarf VersionDebug Info Versionwchar_sizestatic_rwdataenumsize_buildattrarmlib_unavailablearmcompiler-version6.19\000f\230\002\000\000\000\000\0000\202\020P#\bA5\202\020X#\b\3015\202\020H#\b\0016[S\320\202\004\324\302\321\016@\000\000\0000[S\320\202\005\324\202\321\016@\000\000\0000[S\320\302\005\324B\321\016@\000\000\0000[S\320\002\006\324\002\321\016@\000\000\0000\224\025h\2650\004\000\000\004\344\000\000\352p\027\000\000\000\002\000\000\003\025@ \000\300@\005@\b\0000\330\000\000\305`\003p\013\306<\007@\006\b\030\000\0070\016a\200AB\214C\030`\240\030\343\020\006\030,\3108\204\001\006\2142\016a\200A\303\214C\030`\340\000\343\020\006\030<\3028\204\001\006\0201\003\242\013\273\300\013\275\340\013\277\000\016\3410\222%\020\207-\344\004.\344\002\030\000\000 \016\000\000D\000\000\000\0000C0\016\323\005\306\224\301\000\314B9L\031\f\200,\224\303\224\301\000\304B9L\031\f\000,\224\303\f\2049\234\003:\244\303H\226 P\266P\027\267\000\200\003\000\220 \b\202\002\000\000@\005\000\000\000\000\0239\2005\331B~\334\302:\000\000\000\000\0000\221\003@\000\000\000\354\000\006\000\000\000\0000P\001d\000\000\314s\000d\260!\200\001L\344\000\226\346\016x\000\274\003\000\000\000\000\000\363!\000B\013\3600#\200;\000\363\034\000\031t\020P\000\0239\200\305\271C\036\000\362\000\000\000\000\000\300|\b\200\320\302<\320\b\340\016\300<\007@\006\037\030\000\0050\221\003X\236;\350\001P\017\000\000\000\000\000\314\207\000\b-\330C\215\000\356\000\314s\000d\020\006\240\000\024\300D\016`\201\201;\354\001\200\017\000\000\000\000\000\314\207\000\b-\344\203\215\000\356\000\314s\000d0\006\b\200\000\0239\200%\006\356\340\007\300>\000\000\000\000\0000\037\002 \264\300\0177\002\270\0030\317\001\220A\031@\300\001L\344\000\026\031\270\303\037\000\376\000\000\000\000\000\300|\b\200\320\302?\340\b\340\016\300D\016`\231\201;\200\002\220\013\000\000\000\000\000\314\207\000\b-\204D\216\000\356\000\314s\000d\200\006\240\000\034\300D\016`\235\201;\204\0020\022\000\000\000\000\000\314\207\000\b-\220\204\216\000\356\000L\344\000V\032\270\303)\000\357\000\000\000\000\000\300|\b\200\320\202I\354\b\340\016\300D\016`\251\201;\240\002 \017\000\000\000\000\000\314\207\000\b-\240\004\217\000\356\000L\344\000\326\032\270C*\000\365\000\000\000\000\000\300|\b\200\320\202J\364\b\340\016\300D\016`\261\201;\250\002\200\017\000\000\000\000\000\314\207\000\b-\260\204\217\000\356\000L\344\000V\033\270C+\000\373\000\000\000\000\000\300|\b\200\320\202K\374\b\340\016\300D\016`\271\201;\270\002\340\017\000\000\000\000\000\314\207\000\b-\300\004\230\000\356\000L\344\000\326\033\270\303+\000\271\000\000\000\000\000\300|\b\200\320\202L\204\t\340\016\300D\016`\301\201;\300\0020\022\000\000\000\000\000\314\207\000\b-\320\204\230\000\356\000L\344\000V\034\270C-\000\365\000\000\000\000\000\300|\b\200\320\202M\214\t\340\016\300D\016`\311\201;\330\002P\017\000\000\000\000\000\314\207\000\b-\340\004\231\000\356\000L\344\000\326\034\270\303-\000\365\000\000\000\000\000\300|\b\200\320\202N\224\t\340\016\300D\016`\321\201;\340\002\200\017\000\000\000\000\000\314\207\000\b-\360\204\231\000\356\000L\344\000V\035\270\303.\000\271\000\000\000\000\000\300|\b\200\320\202O\234\t\340\016\300D\016`\331\201;\360\002\220\013\000\000\000\000\000\314\207\000\b-\200\005\232\000\356\000L\344\000\326\035\270C/\000\271\000\000\000\000\000\300|\b\200\320\202X\244\t\340\016\300D\016`\341\201;\370\0020\022\000\000\000\000\000\314\207\000\b-\220\205\232\000\356\000L\344\000V\036\270C9\000\365\000\000\000\000\000\300|\b\200\320\202Y\254\t\340\016\300D\016`\351\201;\230\003\220\013\000\000\000\000\000\314\207\000\b-\240\005\233\000\356\000L\344\000\326\036\270\203:\000\370\000\000\000\000\000\300|\b\200\320\202Z\264\t\340\016\300D\016`\361\201;\254\0030\022\000\000\000\000\000\314\207\000\b-\260\205\233\000\356\000\fT\000}\000\000\300D\016`\371\201[\270\001\220\013\000\000\000\000\000\314\207\000\b-\274\305:\000n\001L\344\000\326\037\270\205\031\000\365\000\000\000\000\000\300|\b\200\320B\\\260\003\340\026\300<\007@\006\241\000\n\000\001L\344\000\026(\270\305/\000s\001\000\000\000\000\300|\b\200\320\002]\270\003\340\026\300|\b\240\007\264p\013\003P\013\300\f`\020\017\364p\017\372\320\017 !\022%q\022)\261\022-\361\02211\0235q\0239\261\023=\361\023a1\026eq\026i\261\026m\001\027rQ\027v1\303\240\n\242\260\n3\f\2540\n\2550\303\340\n\244\260\n3\f\256P\n\2560\303\340\n\246\300\n3\f\256p\n\2570\303\340\n\250\220\n3\004\303\f\0010\023!\000\240\001\314\000\\>\000\034\307q\034\007\017\360\000\017\360\300\026n\340\006b\200\006\246\340\006n\340\006n\340\006n\340\006n\000\017x\301Yt@\007t@\007\240\240\032\374\000\017n\000\n\366\200\013\240`\017\270`\n\366\200\013\254\300\017\270`\n\374\200\013\246\300\017\270\300\017\270\300\n\374\200\013\374\200\013\374\200\013\374\200\013\374\200\013\374\200\013\374\200\013\374\200\013\374\200\013\374\200\013\374\200\013\374\200\013\374\200\013\374\200\013\374\200\013\374\200\013\374\200\013\374\200\013\374\200\013\374\200\013\374\200\013t\300\017\270\300\017\270\300\n\374\200\013\270`3t@\007t@\007t@\007t`Yn #\201\t\312\205\215\315\256\315\205L\354\314e\254n\224`\0262bc\263ksi{#\253c+s1c\013;\233\033\345\270\013\274\310\013\275\330\013\276\350\213T\330\330\354\332\\\322\310\312\334\350F\t\374b\310`\000\200r\0302\030\004\300\034\206\f\206\0018\207!\203\201\000\320\001\000\000\000\251\030\000\000/\000\000\000\013\nr(\207w\200\007zXp\230C=\270\3038\260C9\320\303\202\346\034\306\241\r\350A\036\302\301\035\346!\035\350!\035\336\301\035\026(\342P\016\346\360\016\362P\016\351\340\016\363@\017\013\222p0\007z(\007yH\007w\230\007zX\320\214\2039\234C=\204\203<\220\003=\204\203<\234C9\320\303\002\006\036\344\241\034\302\201\035\330\341\035\306!\034\350\241\034\310a\301q\016\343\320\006\354\220\016\366P\016\013\254q`\207pp\207sp\203p\220\207qp\203p\240\007z\b\207q@\207r \207q\b\007v`\207\005\007<\320\203<\204C=\320\003:, \326a\034\314!\035\000\000\000\000\321\020\000\000\006\000\000\000\007\314<\244\203;\234\003;\224\003=\240\203<\224C8\220\303\001\000\000\000a \000\000#\000\000\000\023\004A,\020\000\000\000\001\000\000\000$J\001\000\3610\000\000\017\000\000\000\"G\310\220Q\006D\006\025\000\000\000__cxx_global_var_init\000\000\000\253\250\243\026F\003\250\005 4\000\200\001@\201\026\000@4\000\000\000\000\000#\006\206\001\202`\320P]0cP\020\022i\000\300\260\001\361\005\0030cP\000\000i\000\200\316\030\024\004F\032\000\020\020\003\002\000\000\000[\004`4\000\000\000\000\000\000\000\000a \000\000#\000\000\000\023\004A,\020\000\000\000\001\000\000\000$\212\001\000\3610\000\000\017\000\000\000\"G\310\220Q\006\304\006\027\000\000\000__cxx_global_var_init.1\000\253\250\243\026F\003\250\005 4\000\200\001@\201\026\000@4\000\000\000\000\000#\006\206\001\202`\320P]0cP\024\022i\000\300\260\001\321\005\0030cP\000\000i\000\200\316\030\024\005F\032\000\020\020\003\002\000\000\000[\004`4\000\000\000\000\000\000\000\000a \000\000#\000\000\000\023\004A,\020\000\000\000\001\000\000\000$\312\001\000\3610\000\000\017\000\000\000\"G\310\220Q\006\304\006\027\000\000\000__cxx_global_var_init.2\000\253\250\243\026F\003\250\005 4\000\200\001@\201\026\000@4\000\000\000\000\000#\006\206\001\202`\320P]0cP\030\022i\000\300\260\001\301\005\0030cP\000\000i\000\200\316\030\024\006F\032\000\020\020\003\002\000\000\000[\004`4\000\000\000\000\000\000\000\000a \000\000#\000\000\000\023\004A,\020\000\000\000\001\000\000\000$\312\003\000\3610\000\000\017\000\000\000\"G\310\220Q\006\304\006\027\000\000\000__cxx_global_var_init.3\000\253\250\243\026F\003\250\005 4\000\200\001@\201\026\000@4\000\000\000\000\000#\006\206\001\202`\320PY0cP\034\021i\000\300\260\001\261\005\0030cP\000\000i\000\200\316\030\024\307E\032\000\020\020\003\002\000\000\000[\004`4\000\000\000\000\000\000\000\000a \000\000T\000\000\000\023\004B,\020\000\000\000\001\000\000\000\364j\000\000\3610\000\000\033\000\000\000\"G\310\220Q\n\204\007\204\005\000\000mainllvm.loop.mustprogress\000\000\253\250\243\026F\003\250\205$5\022\000\001@\204\026\000@4\000\000\000f\025Ai\324\202\363\254 NC5V\20356\004\365\260\211\020\000\324\000t\036H C\210\f\031\t\345\b\220\006\240 \001\322\000l\bH\0033\021A \215\302\260\001\021\034\003@\037\0303\006\205\"\224\006\000\214\030 \007\b\202\001\024\005\n2\314\030\024\312Q\032\000@\036\0303\006\305\"\224\006\000\214\030 \007\b\202\001$\005KB\314\030\024\313Q\032\000@\036\0303\006\005#\224\006\000\214\030 \007\b\202\0014\005\214R\314\030\024\314Q\032\000@\036\0303\006E#\224\006\000\214\030 \007\b\202\001D\005\313b\314\030\024\215Q\032\0000K\020\314\030\024\216P\032\000@\037\0303\006\305\243\230\006\000P\030\2001cP<\203i\000\300\210\201\201\200 \030DU \314\030\024\017b\032\0000K\020\314\030\024\216P\032\000\020\020\003\000\003\000\000\000[\004\2004\266\f\216d\032\000\000\000\000\000\000\000a \000\000%\000\000\000\023\004A<\f\000\000\000\021\000\000\000\"G\310\220Q\006\304\006\027\000\000\000_GLOBAL__sub_I_main.cpp\000\253\250\243\026\200\321\250\005\2404\000\200\001@\201\026\000@4\000\000\0006\021\002 \032\000\000\000\000\000#\006\004\000\202`\300P3\006\005\000\220\006\000\214\030\020\000\b\202\001#M\030\000#\006\004\000\202`\300D\023\006\300\210\001\001\200 \0300\320\204\001\240\0011\000\000\002\000\000\000[\004`4\000\000\000\000\000\000\000\000q \000\000\007\000\000\0002\016\020\"\204\t\317\016\270@\357\200\f\231\017\330\340\373\200\016\343\017\030\221\013\001\000\000\000\000\000\000e\f\000\000\221\000\000\000\022\003\224x\004\000\000\000\003\000\000\000w\001\000\000\t\000\000\000L\000\000\000\001\000\000\000X\000\000\000\000\000\000\000X\000\000\000\022\000\000\000\b\002\000\000\002\000\000\000\200\001\000\000\031\000\000\000\231\001\000\000\b\000\000\000\004\000\000\000\000\000\000\0008\002\000\000\000\000\000\000\000\000\000\000\022\000\000\000\000\000\000\000V\000\000\000\025\000\000\000V\000\000\000\025\000\000\000\377\377\377\377\000 \000\000k\000\000\000*\000\000\000k\000\000\000*\000\000\000\377\377\377\377\b$\000\000\225\000\000\000\027\000\000\000\225\000\000\000\027\000\000\000\377\377\377\377\000 \000\000\254\000\000\000\027\000\000\000\254\000\000\000\027\000\000\000\377\377\377\377\000 \000\000\303\000\000\000\027\000\000\000\303\000\000\000\027\000\000\000\377\377\377\377\000 \000\000\332\000\000\000\004\000\000\000\332\000\000\000\004\000\000\000\377\377\377\377\001$\000\000\336\000\000\000U\000\000\000\336\000\000\000U\000\000\000\377\377\377\377\b$\000\0003\001\000\000-\000\000\0003\001\000\000-\000\000\000\377\377\377\377\b$\000\000`\001\000\000\027\000\000\000`\001\000\000\027\000\000\000\377\377\377\377\000 \000\000\000\000\000\000\004\000\000\000\000\000\000\000\004\000\000\000\377\377\377\377\001\004\000\000\004\000\000\000\016\000\000\000\004\000\000\000\016\000\000\000\377\377\377\377\b\004\000\000\022\000\000\000\004\000\000\000\022\000\000\000\004\000\000\000\377\377\377\377\001\004\000\000\026\000\000\000\004\000\000\000\026\000\000\000\004\000\000\000\377\377\377\377\001\004\000\000\032\000\000\000\003\000\000\000\032\000\000\000\003\000\000\000\377\377\377\377\001\004\000\000\035\000\000\000\016\000\000\000\035\000\000\000\016\000\000\000\377\377\377\377\b\004\000\000+\000\000\000\021\000\000\000+\000\000\000\021\000\000\000\377\377\377\377\000\f\000\000<\000\000\000\021\000\000\000<\000\000\000\021\000\000\000\377\377\377\377\204\004\000\000M\000\000\000\t\000\000\000M\000\000\000\t\000\000\000\377\377\377\377\004\f\000\000\000\000\000\000\000\000\000\000\004\000\000\000\000\000\000\000\241\001\000\000\020\000\000\000\000\000\000\000\000\000\000\000\004\000\000\000\000\000\000\000\261\001\000\000\r\000\000\000\000\000\000\000]\f\000\000s\000\000\000\022\003\224~\003\000\000\000LEDR_ZN3uni5GPIOIELEDGLEDBKEY_ZN3uni5GPIOHEllvm.global_ctors__ARM_use_no_argvllvm.used__cxx_global_var_init_ZN3uni29GeneralPurposeInputOutputPortixEh__cxx_global_var_init.1__cxx_global_var_init.2__cxx_global_var_init.3main_ZN3uni28GeneralPurposeInputOutputPin7setModeENS_8GPIOMode4ModeENS_9GPIOSpeed5SpeedEb_ZN3uni28GeneralPurposeInputOutputPinaSERKS0__GLOBAL__sub_I_main.cpp16.0.0gitthumbv7em-arm-none-eabihfmain.cpp.ARM.use_no_argvllvm.metadata\000\000\000\000\000"
	.size	.Lllvm.embedded.module, 9672

	.section	.debug_abbrev,"",%progbits
	.byte	1                               @ Abbreviation Code
	.byte	17                              @ DW_TAG_compile_unit
	.byte	1                               @ DW_CHILDREN_yes
	.byte	37                              @ DW_AT_producer
	.byte	14                              @ DW_FORM_strp
	.byte	19                              @ DW_AT_language
	.byte	5                               @ DW_FORM_data2
	.byte	3                               @ DW_AT_name
	.byte	14                              @ DW_FORM_strp
	.byte	16                              @ DW_AT_stmt_list
	.byte	23                              @ DW_FORM_sec_offset
	.byte	27                              @ DW_AT_comp_dir
	.byte	14                              @ DW_FORM_strp
	.byte	0                               @ EOM(1)
	.byte	0                               @ EOM(2)
	.byte	2                               @ Abbreviation Code
	.byte	52                              @ DW_TAG_variable
	.byte	0                               @ DW_CHILDREN_no
	.byte	3                               @ DW_AT_name
	.byte	14                              @ DW_FORM_strp
	.byte	73                              @ DW_AT_type
	.byte	19                              @ DW_FORM_ref4
	.byte	63                              @ DW_AT_external
	.byte	25                              @ DW_FORM_flag_present
	.byte	58                              @ DW_AT_decl_file
	.byte	11                              @ DW_FORM_data1
	.byte	59                              @ DW_AT_decl_line
	.byte	11                              @ DW_FORM_data1
	.byte	0                               @ EOM(1)
	.byte	0                               @ EOM(2)
	.byte	3                               @ Abbreviation Code
	.byte	16                              @ DW_TAG_reference_type
	.byte	0                               @ DW_CHILDREN_no
	.byte	73                              @ DW_AT_type
	.byte	19                              @ DW_FORM_ref4
	.byte	0                               @ EOM(1)
	.byte	0                               @ EOM(2)
	.byte	4                               @ Abbreviation Code
	.byte	57                              @ DW_TAG_namespace
	.byte	1                               @ DW_CHILDREN_yes
	.byte	3                               @ DW_AT_name
	.byte	14                              @ DW_FORM_strp
	.byte	0                               @ EOM(1)
	.byte	0                               @ EOM(2)
	.byte	5                               @ Abbreviation Code
	.byte	22                              @ DW_TAG_typedef
	.byte	0                               @ DW_CHILDREN_no
	.byte	73                              @ DW_AT_type
	.byte	19                              @ DW_FORM_ref4
	.byte	3                               @ DW_AT_name
	.byte	14                              @ DW_FORM_strp
	.byte	58                              @ DW_AT_decl_file
	.byte	11                              @ DW_FORM_data1
	.byte	59                              @ DW_AT_decl_line
	.byte	11                              @ DW_FORM_data1
	.byte	0                               @ EOM(1)
	.byte	0                               @ EOM(2)
	.byte	6                               @ Abbreviation Code
	.byte	2                               @ DW_TAG_class_type
	.byte	0                               @ DW_CHILDREN_no
	.byte	3                               @ DW_AT_name
	.byte	14                              @ DW_FORM_strp
	.byte	60                              @ DW_AT_declaration
	.byte	25                              @ DW_FORM_flag_present
	.byte	0                               @ EOM(1)
	.byte	0                               @ EOM(2)
	.byte	7                               @ Abbreviation Code
	.byte	4                               @ DW_TAG_enumeration_type
	.byte	1                               @ DW_CHILDREN_yes
	.byte	73                              @ DW_AT_type
	.byte	19                              @ DW_FORM_ref4
	.byte	3                               @ DW_AT_name
	.byte	14                              @ DW_FORM_strp
	.byte	11                              @ DW_AT_byte_size
	.byte	11                              @ DW_FORM_data1
	.byte	58                              @ DW_AT_decl_file
	.byte	11                              @ DW_FORM_data1
	.byte	59                              @ DW_AT_decl_line
	.byte	11                              @ DW_FORM_data1
	.byte	0                               @ EOM(1)
	.byte	0                               @ EOM(2)
	.byte	8                               @ Abbreviation Code
	.byte	40                              @ DW_TAG_enumerator
	.byte	0                               @ DW_CHILDREN_no
	.byte	3                               @ DW_AT_name
	.byte	14                              @ DW_FORM_strp
	.byte	28                              @ DW_AT_const_value
	.byte	15                              @ DW_FORM_udata
	.byte	0                               @ EOM(1)
	.byte	0                               @ EOM(2)
	.byte	9                               @ Abbreviation Code
	.byte	36                              @ DW_TAG_base_type
	.byte	0                               @ DW_CHILDREN_no
	.byte	3                               @ DW_AT_name
	.byte	14                              @ DW_FORM_strp
	.byte	62                              @ DW_AT_encoding
	.byte	11                              @ DW_FORM_data1
	.byte	11                              @ DW_AT_byte_size
	.byte	11                              @ DW_FORM_data1
	.byte	0                               @ EOM(1)
	.byte	0                               @ EOM(2)
	.byte	10                              @ Abbreviation Code
	.byte	8                               @ DW_TAG_imported_declaration
	.byte	0                               @ DW_CHILDREN_no
	.byte	58                              @ DW_AT_decl_file
	.byte	11                              @ DW_FORM_data1
	.byte	59                              @ DW_AT_decl_line
	.byte	5                               @ DW_FORM_data2
	.byte	24                              @ DW_AT_import
	.byte	19                              @ DW_FORM_ref4
	.byte	0                               @ EOM(1)
	.byte	0                               @ EOM(2)
	.byte	11                              @ Abbreviation Code
	.byte	8                               @ DW_TAG_imported_declaration
	.byte	0                               @ DW_CHILDREN_no
	.byte	58                              @ DW_AT_decl_file
	.byte	11                              @ DW_FORM_data1
	.byte	59                              @ DW_AT_decl_line
	.byte	11                              @ DW_FORM_data1
	.byte	24                              @ DW_AT_import
	.byte	19                              @ DW_FORM_ref4
	.byte	0                               @ EOM(1)
	.byte	0                               @ EOM(2)
	.byte	12                              @ Abbreviation Code
	.byte	58                              @ DW_TAG_imported_module
	.byte	0                               @ DW_CHILDREN_no
	.byte	58                              @ DW_AT_decl_file
	.byte	11                              @ DW_FORM_data1
	.byte	59                              @ DW_AT_decl_line
	.byte	11                              @ DW_FORM_data1
	.byte	24                              @ DW_AT_import
	.byte	19                              @ DW_FORM_ref4
	.byte	0                               @ EOM(1)
	.byte	0                               @ EOM(2)
	.byte	0                               @ EOM(3)
	.section	.debug_info,"",%progbits
.Lcu_begin0:
	.long	.Ldebug_info_end0-.Ldebug_info_start0 @ Length of Unit
.Ldebug_info_start0:
	.short	4                               @ DWARF version number
	.long	.debug_abbrev                   @ Offset Into Abbrev. Section
	.byte	4                               @ Address Size (in bytes)
	.byte	1                               @ Abbrev [1] 0xb:0x32e DW_TAG_compile_unit
	.long	.Linfo_string0                  @ DW_AT_producer
	.short	26                              @ DW_AT_language
	.long	.Linfo_string1                  @ DW_AT_name
	.long	.Lline_table_start0             @ DW_AT_stmt_list
	.long	.Linfo_string2                  @ DW_AT_comp_dir
	.byte	2                               @ Abbrev [2] 0x1e:0xb DW_TAG_variable
	.long	.Linfo_string3                  @ DW_AT_name
	.long	41                              @ DW_AT_type
                                        @ DW_AT_external
	.byte	2                               @ DW_AT_decl_file
	.byte	4                               @ DW_AT_decl_line
	.byte	3                               @ Abbrev [3] 0x29:0x5 DW_TAG_reference_type
	.long	51                              @ DW_AT_type
	.byte	4                               @ Abbrev [4] 0x2e:0x59 DW_TAG_namespace
	.long	.Linfo_string4                  @ DW_AT_name
	.byte	5                               @ Abbrev [5] 0x33:0xb DW_TAG_typedef
	.long	62                              @ DW_AT_type
	.long	.Linfo_string6                  @ DW_AT_name
	.byte	1                               @ DW_AT_decl_file
	.byte	249                             @ DW_AT_decl_line
	.byte	6                               @ Abbrev [6] 0x3e:0x5 DW_TAG_class_type
	.long	.Linfo_string5                  @ DW_AT_name
                                        @ DW_AT_declaration
	.byte	4                               @ Abbrev [4] 0x43:0x43 DW_TAG_namespace
	.long	.Linfo_string10                 @ DW_AT_name
	.byte	7                               @ Abbrev [7] 0x48:0x3d DW_TAG_enumeration_type
	.long	168                             @ DW_AT_type
	.long	.Linfo_string20                 @ DW_AT_name
	.byte	4                               @ DW_AT_byte_size
	.byte	1                               @ DW_AT_decl_file
	.byte	153                             @ DW_AT_decl_line
	.byte	8                               @ Abbrev [8] 0x54:0x6 DW_TAG_enumerator
	.long	.Linfo_string12                 @ DW_AT_name
	.byte	2                               @ DW_AT_const_value
	.byte	8                               @ Abbrev [8] 0x5a:0x6 DW_TAG_enumerator
	.long	.Linfo_string13                 @ DW_AT_name
	.byte	3                               @ DW_AT_const_value
	.byte	8                               @ Abbrev [8] 0x60:0x6 DW_TAG_enumerator
	.long	.Linfo_string14                 @ DW_AT_name
	.byte	4                               @ DW_AT_const_value
	.byte	8                               @ Abbrev [8] 0x66:0x6 DW_TAG_enumerator
	.long	.Linfo_string15                 @ DW_AT_name
	.byte	5                               @ DW_AT_const_value
	.byte	8                               @ Abbrev [8] 0x6c:0x6 DW_TAG_enumerator
	.long	.Linfo_string16                 @ DW_AT_name
	.byte	6                               @ DW_AT_const_value
	.byte	8                               @ Abbrev [8] 0x72:0x6 DW_TAG_enumerator
	.long	.Linfo_string17                 @ DW_AT_name
	.byte	0                               @ DW_AT_const_value
	.byte	8                               @ Abbrev [8] 0x78:0x6 DW_TAG_enumerator
	.long	.Linfo_string18                 @ DW_AT_name
	.byte	1                               @ DW_AT_const_value
	.byte	8                               @ Abbrev [8] 0x7e:0x6 DW_TAG_enumerator
	.long	.Linfo_string19                 @ DW_AT_name
	.byte	2                               @ DW_AT_const_value
	.byte	0                               @ End Of Children Mark
	.byte	0                               @ End Of Children Mark
	.byte	0                               @ End Of Children Mark
	.byte	2                               @ Abbrev [2] 0x87:0xb DW_TAG_variable
	.long	.Linfo_string7                  @ DW_AT_name
	.long	41                              @ DW_AT_type
                                        @ DW_AT_external
	.byte	2                               @ DW_AT_decl_file
	.byte	5                               @ DW_AT_decl_line
	.byte	2                               @ Abbrev [2] 0x92:0xb DW_TAG_variable
	.long	.Linfo_string8                  @ DW_AT_name
	.long	41                              @ DW_AT_type
                                        @ DW_AT_external
	.byte	2                               @ DW_AT_decl_file
	.byte	6                               @ DW_AT_decl_line
	.byte	2                               @ Abbrev [2] 0x9d:0xb DW_TAG_variable
	.long	.Linfo_string9                  @ DW_AT_name
	.long	41                              @ DW_AT_type
                                        @ DW_AT_external
	.byte	2                               @ DW_AT_decl_file
	.byte	7                               @ DW_AT_decl_line
	.byte	9                               @ Abbrev [9] 0xa8:0x7 DW_TAG_base_type
	.long	.Linfo_string11                 @ DW_AT_name
	.byte	7                               @ DW_AT_encoding
	.byte	4                               @ DW_AT_byte_size
	.byte	5                               @ Abbrev [5] 0xaf:0xb DW_TAG_typedef
	.long	186                             @ DW_AT_type
	.long	.Linfo_string22                 @ DW_AT_name
	.byte	3                               @ DW_AT_decl_file
	.byte	56                              @ DW_AT_decl_line
	.byte	9                               @ Abbrev [9] 0xba:0x7 DW_TAG_base_type
	.long	.Linfo_string21                 @ DW_AT_name
	.byte	6                               @ DW_AT_encoding
	.byte	1                               @ DW_AT_byte_size
	.byte	10                              @ Abbrev [10] 0xc1:0x8 DW_TAG_imported_declaration
	.byte	3                               @ DW_AT_decl_file
	.short	275                             @ DW_AT_decl_line
	.long	175                             @ DW_AT_import
	.byte	5                               @ Abbrev [5] 0xc9:0xb DW_TAG_typedef
	.long	212                             @ DW_AT_type
	.long	.Linfo_string24                 @ DW_AT_name
	.byte	3                               @ DW_AT_decl_file
	.byte	57                              @ DW_AT_decl_line
	.byte	9                               @ Abbrev [9] 0xd4:0x7 DW_TAG_base_type
	.long	.Linfo_string23                 @ DW_AT_name
	.byte	5                               @ DW_AT_encoding
	.byte	2                               @ DW_AT_byte_size
	.byte	10                              @ Abbrev [10] 0xdb:0x8 DW_TAG_imported_declaration
	.byte	3                               @ DW_AT_decl_file
	.short	276                             @ DW_AT_decl_line
	.long	201                             @ DW_AT_import
	.byte	5                               @ Abbrev [5] 0xe3:0xb DW_TAG_typedef
	.long	238                             @ DW_AT_type
	.long	.Linfo_string26                 @ DW_AT_name
	.byte	3                               @ DW_AT_decl_file
	.byte	58                              @ DW_AT_decl_line
	.byte	9                               @ Abbrev [9] 0xee:0x7 DW_TAG_base_type
	.long	.Linfo_string25                 @ DW_AT_name
	.byte	5                               @ DW_AT_encoding
	.byte	4                               @ DW_AT_byte_size
	.byte	10                              @ Abbrev [10] 0xf5:0x8 DW_TAG_imported_declaration
	.byte	3                               @ DW_AT_decl_file
	.short	277                             @ DW_AT_decl_line
	.long	227                             @ DW_AT_import
	.byte	5                               @ Abbrev [5] 0xfd:0xb DW_TAG_typedef
	.long	264                             @ DW_AT_type
	.long	.Linfo_string28                 @ DW_AT_name
	.byte	3                               @ DW_AT_decl_file
	.byte	59                              @ DW_AT_decl_line
	.byte	9                               @ Abbrev [9] 0x108:0x7 DW_TAG_base_type
	.long	.Linfo_string27                 @ DW_AT_name
	.byte	5                               @ DW_AT_encoding
	.byte	8                               @ DW_AT_byte_size
	.byte	10                              @ Abbrev [10] 0x10f:0x8 DW_TAG_imported_declaration
	.byte	3                               @ DW_AT_decl_file
	.short	278                             @ DW_AT_decl_line
	.long	253                             @ DW_AT_import
	.byte	5                               @ Abbrev [5] 0x117:0xb DW_TAG_typedef
	.long	290                             @ DW_AT_type
	.long	.Linfo_string30                 @ DW_AT_name
	.byte	3                               @ DW_AT_decl_file
	.byte	62                              @ DW_AT_decl_line
	.byte	9                               @ Abbrev [9] 0x122:0x7 DW_TAG_base_type
	.long	.Linfo_string29                 @ DW_AT_name
	.byte	8                               @ DW_AT_encoding
	.byte	1                               @ DW_AT_byte_size
	.byte	10                              @ Abbrev [10] 0x129:0x8 DW_TAG_imported_declaration
	.byte	3                               @ DW_AT_decl_file
	.short	279                             @ DW_AT_decl_line
	.long	279                             @ DW_AT_import
	.byte	5                               @ Abbrev [5] 0x131:0xb DW_TAG_typedef
	.long	316                             @ DW_AT_type
	.long	.Linfo_string32                 @ DW_AT_name
	.byte	3                               @ DW_AT_decl_file
	.byte	63                              @ DW_AT_decl_line
	.byte	9                               @ Abbrev [9] 0x13c:0x7 DW_TAG_base_type
	.long	.Linfo_string31                 @ DW_AT_name
	.byte	7                               @ DW_AT_encoding
	.byte	2                               @ DW_AT_byte_size
	.byte	10                              @ Abbrev [10] 0x143:0x8 DW_TAG_imported_declaration
	.byte	3                               @ DW_AT_decl_file
	.short	280                             @ DW_AT_decl_line
	.long	305                             @ DW_AT_import
	.byte	5                               @ Abbrev [5] 0x14b:0xb DW_TAG_typedef
	.long	168                             @ DW_AT_type
	.long	.Linfo_string33                 @ DW_AT_name
	.byte	3                               @ DW_AT_decl_file
	.byte	64                              @ DW_AT_decl_line
	.byte	10                              @ Abbrev [10] 0x156:0x8 DW_TAG_imported_declaration
	.byte	3                               @ DW_AT_decl_file
	.short	281                             @ DW_AT_decl_line
	.long	331                             @ DW_AT_import
	.byte	5                               @ Abbrev [5] 0x15e:0xb DW_TAG_typedef
	.long	361                             @ DW_AT_type
	.long	.Linfo_string35                 @ DW_AT_name
	.byte	3                               @ DW_AT_decl_file
	.byte	65                              @ DW_AT_decl_line
	.byte	9                               @ Abbrev [9] 0x169:0x7 DW_TAG_base_type
	.long	.Linfo_string34                 @ DW_AT_name
	.byte	7                               @ DW_AT_encoding
	.byte	8                               @ DW_AT_byte_size
	.byte	10                              @ Abbrev [10] 0x170:0x8 DW_TAG_imported_declaration
	.byte	3                               @ DW_AT_decl_file
	.short	282                             @ DW_AT_decl_line
	.long	350                             @ DW_AT_import
	.byte	5                               @ Abbrev [5] 0x178:0xb DW_TAG_typedef
	.long	186                             @ DW_AT_type
	.long	.Linfo_string36                 @ DW_AT_name
	.byte	3                               @ DW_AT_decl_file
	.byte	71                              @ DW_AT_decl_line
	.byte	10                              @ Abbrev [10] 0x183:0x8 DW_TAG_imported_declaration
	.byte	3                               @ DW_AT_decl_file
	.short	283                             @ DW_AT_decl_line
	.long	376                             @ DW_AT_import
	.byte	5                               @ Abbrev [5] 0x18b:0xb DW_TAG_typedef
	.long	212                             @ DW_AT_type
	.long	.Linfo_string37                 @ DW_AT_name
	.byte	3                               @ DW_AT_decl_file
	.byte	72                              @ DW_AT_decl_line
	.byte	10                              @ Abbrev [10] 0x196:0x8 DW_TAG_imported_declaration
	.byte	3                               @ DW_AT_decl_file
	.short	284                             @ DW_AT_decl_line
	.long	395                             @ DW_AT_import
	.byte	5                               @ Abbrev [5] 0x19e:0xb DW_TAG_typedef
	.long	238                             @ DW_AT_type
	.long	.Linfo_string38                 @ DW_AT_name
	.byte	3                               @ DW_AT_decl_file
	.byte	73                              @ DW_AT_decl_line
	.byte	10                              @ Abbrev [10] 0x1a9:0x8 DW_TAG_imported_declaration
	.byte	3                               @ DW_AT_decl_file
	.short	285                             @ DW_AT_decl_line
	.long	414                             @ DW_AT_import
	.byte	5                               @ Abbrev [5] 0x1b1:0xb DW_TAG_typedef
	.long	264                             @ DW_AT_type
	.long	.Linfo_string39                 @ DW_AT_name
	.byte	3                               @ DW_AT_decl_file
	.byte	74                              @ DW_AT_decl_line
	.byte	10                              @ Abbrev [10] 0x1bc:0x8 DW_TAG_imported_declaration
	.byte	3                               @ DW_AT_decl_file
	.short	286                             @ DW_AT_decl_line
	.long	433                             @ DW_AT_import
	.byte	5                               @ Abbrev [5] 0x1c4:0xb DW_TAG_typedef
	.long	290                             @ DW_AT_type
	.long	.Linfo_string40                 @ DW_AT_name
	.byte	3                               @ DW_AT_decl_file
	.byte	77                              @ DW_AT_decl_line
	.byte	10                              @ Abbrev [10] 0x1cf:0x8 DW_TAG_imported_declaration
	.byte	3                               @ DW_AT_decl_file
	.short	287                             @ DW_AT_decl_line
	.long	452                             @ DW_AT_import
	.byte	5                               @ Abbrev [5] 0x1d7:0xb DW_TAG_typedef
	.long	316                             @ DW_AT_type
	.long	.Linfo_string41                 @ DW_AT_name
	.byte	3                               @ DW_AT_decl_file
	.byte	78                              @ DW_AT_decl_line
	.byte	10                              @ Abbrev [10] 0x1e2:0x8 DW_TAG_imported_declaration
	.byte	3                               @ DW_AT_decl_file
	.short	288                             @ DW_AT_decl_line
	.long	471                             @ DW_AT_import
	.byte	5                               @ Abbrev [5] 0x1ea:0xb DW_TAG_typedef
	.long	168                             @ DW_AT_type
	.long	.Linfo_string42                 @ DW_AT_name
	.byte	3                               @ DW_AT_decl_file
	.byte	79                              @ DW_AT_decl_line
	.byte	10                              @ Abbrev [10] 0x1f5:0x8 DW_TAG_imported_declaration
	.byte	3                               @ DW_AT_decl_file
	.short	289                             @ DW_AT_decl_line
	.long	490                             @ DW_AT_import
	.byte	5                               @ Abbrev [5] 0x1fd:0xb DW_TAG_typedef
	.long	361                             @ DW_AT_type
	.long	.Linfo_string43                 @ DW_AT_name
	.byte	3                               @ DW_AT_decl_file
	.byte	80                              @ DW_AT_decl_line
	.byte	10                              @ Abbrev [10] 0x208:0x8 DW_TAG_imported_declaration
	.byte	3                               @ DW_AT_decl_file
	.short	290                             @ DW_AT_decl_line
	.long	509                             @ DW_AT_import
	.byte	5                               @ Abbrev [5] 0x210:0xb DW_TAG_typedef
	.long	238                             @ DW_AT_type
	.long	.Linfo_string44                 @ DW_AT_name
	.byte	3                               @ DW_AT_decl_file
	.byte	85                              @ DW_AT_decl_line
	.byte	10                              @ Abbrev [10] 0x21b:0x8 DW_TAG_imported_declaration
	.byte	3                               @ DW_AT_decl_file
	.short	291                             @ DW_AT_decl_line
	.long	528                             @ DW_AT_import
	.byte	5                               @ Abbrev [5] 0x223:0xb DW_TAG_typedef
	.long	238                             @ DW_AT_type
	.long	.Linfo_string45                 @ DW_AT_name
	.byte	3                               @ DW_AT_decl_file
	.byte	86                              @ DW_AT_decl_line
	.byte	10                              @ Abbrev [10] 0x22e:0x8 DW_TAG_imported_declaration
	.byte	3                               @ DW_AT_decl_file
	.short	292                             @ DW_AT_decl_line
	.long	547                             @ DW_AT_import
	.byte	5                               @ Abbrev [5] 0x236:0xb DW_TAG_typedef
	.long	238                             @ DW_AT_type
	.long	.Linfo_string46                 @ DW_AT_name
	.byte	3                               @ DW_AT_decl_file
	.byte	87                              @ DW_AT_decl_line
	.byte	10                              @ Abbrev [10] 0x241:0x8 DW_TAG_imported_declaration
	.byte	3                               @ DW_AT_decl_file
	.short	293                             @ DW_AT_decl_line
	.long	566                             @ DW_AT_import
	.byte	5                               @ Abbrev [5] 0x249:0xb DW_TAG_typedef
	.long	264                             @ DW_AT_type
	.long	.Linfo_string47                 @ DW_AT_name
	.byte	3                               @ DW_AT_decl_file
	.byte	88                              @ DW_AT_decl_line
	.byte	10                              @ Abbrev [10] 0x254:0x8 DW_TAG_imported_declaration
	.byte	3                               @ DW_AT_decl_file
	.short	294                             @ DW_AT_decl_line
	.long	585                             @ DW_AT_import
	.byte	5                               @ Abbrev [5] 0x25c:0xb DW_TAG_typedef
	.long	168                             @ DW_AT_type
	.long	.Linfo_string48                 @ DW_AT_name
	.byte	3                               @ DW_AT_decl_file
	.byte	91                              @ DW_AT_decl_line
	.byte	10                              @ Abbrev [10] 0x267:0x8 DW_TAG_imported_declaration
	.byte	3                               @ DW_AT_decl_file
	.short	295                             @ DW_AT_decl_line
	.long	604                             @ DW_AT_import
	.byte	5                               @ Abbrev [5] 0x26f:0xb DW_TAG_typedef
	.long	168                             @ DW_AT_type
	.long	.Linfo_string49                 @ DW_AT_name
	.byte	3                               @ DW_AT_decl_file
	.byte	92                              @ DW_AT_decl_line
	.byte	10                              @ Abbrev [10] 0x27a:0x8 DW_TAG_imported_declaration
	.byte	3                               @ DW_AT_decl_file
	.short	296                             @ DW_AT_decl_line
	.long	623                             @ DW_AT_import
	.byte	5                               @ Abbrev [5] 0x282:0xb DW_TAG_typedef
	.long	168                             @ DW_AT_type
	.long	.Linfo_string50                 @ DW_AT_name
	.byte	3                               @ DW_AT_decl_file
	.byte	93                              @ DW_AT_decl_line
	.byte	10                              @ Abbrev [10] 0x28d:0x8 DW_TAG_imported_declaration
	.byte	3                               @ DW_AT_decl_file
	.short	297                             @ DW_AT_decl_line
	.long	642                             @ DW_AT_import
	.byte	5                               @ Abbrev [5] 0x295:0xb DW_TAG_typedef
	.long	361                             @ DW_AT_type
	.long	.Linfo_string51                 @ DW_AT_name
	.byte	3                               @ DW_AT_decl_file
	.byte	94                              @ DW_AT_decl_line
	.byte	10                              @ Abbrev [10] 0x2a0:0x8 DW_TAG_imported_declaration
	.byte	3                               @ DW_AT_decl_file
	.short	298                             @ DW_AT_decl_line
	.long	661                             @ DW_AT_import
	.byte	5                               @ Abbrev [5] 0x2a8:0xb DW_TAG_typedef
	.long	238                             @ DW_AT_type
	.long	.Linfo_string52                 @ DW_AT_name
	.byte	3                               @ DW_AT_decl_file
	.byte	101                             @ DW_AT_decl_line
	.byte	10                              @ Abbrev [10] 0x2b3:0x8 DW_TAG_imported_declaration
	.byte	3                               @ DW_AT_decl_file
	.short	299                             @ DW_AT_decl_line
	.long	680                             @ DW_AT_import
	.byte	5                               @ Abbrev [5] 0x2bb:0xb DW_TAG_typedef
	.long	168                             @ DW_AT_type
	.long	.Linfo_string53                 @ DW_AT_name
	.byte	3                               @ DW_AT_decl_file
	.byte	102                             @ DW_AT_decl_line
	.byte	10                              @ Abbrev [10] 0x2c6:0x8 DW_TAG_imported_declaration
	.byte	3                               @ DW_AT_decl_file
	.short	300                             @ DW_AT_decl_line
	.long	699                             @ DW_AT_import
	.byte	5                               @ Abbrev [5] 0x2ce:0xb DW_TAG_typedef
	.long	264                             @ DW_AT_type
	.long	.Linfo_string54                 @ DW_AT_name
	.byte	3                               @ DW_AT_decl_file
	.byte	106                             @ DW_AT_decl_line
	.byte	10                              @ Abbrev [10] 0x2d9:0x8 DW_TAG_imported_declaration
	.byte	3                               @ DW_AT_decl_file
	.short	301                             @ DW_AT_decl_line
	.long	718                             @ DW_AT_import
	.byte	5                               @ Abbrev [5] 0x2e1:0xb DW_TAG_typedef
	.long	361                             @ DW_AT_type
	.long	.Linfo_string55                 @ DW_AT_name
	.byte	3                               @ DW_AT_decl_file
	.byte	107                             @ DW_AT_decl_line
	.byte	10                              @ Abbrev [10] 0x2ec:0x8 DW_TAG_imported_declaration
	.byte	3                               @ DW_AT_decl_file
	.short	302                             @ DW_AT_decl_line
	.long	737                             @ DW_AT_import
	.byte	5                               @ Abbrev [5] 0x2f4:0xb DW_TAG_typedef
	.long	168                             @ DW_AT_type
	.long	.Linfo_string56                 @ DW_AT_name
	.byte	4                               @ DW_AT_decl_file
	.byte	46                              @ DW_AT_decl_line
	.byte	11                              @ Abbrev [11] 0x2ff:0x7 DW_TAG_imported_declaration
	.byte	4                               @ DW_AT_decl_file
	.byte	107                             @ DW_AT_decl_line
	.long	756                             @ DW_AT_import
	.byte	5                               @ Abbrev [5] 0x306:0xb DW_TAG_typedef
	.long	238                             @ DW_AT_type
	.long	.Linfo_string57                 @ DW_AT_name
	.byte	4                               @ DW_AT_decl_file
	.byte	38                              @ DW_AT_decl_line
	.byte	11                              @ Abbrev [11] 0x311:0x7 DW_TAG_imported_declaration
	.byte	4                               @ DW_AT_decl_file
	.byte	108                             @ DW_AT_decl_line
	.long	774                             @ DW_AT_import
	.byte	5                               @ Abbrev [5] 0x318:0xb DW_TAG_typedef
	.long	803                             @ DW_AT_type
	.long	.Linfo_string59                 @ DW_AT_name
	.byte	4                               @ DW_AT_decl_file
	.byte	95                              @ DW_AT_decl_line
	.byte	9                               @ Abbrev [9] 0x323:0x7 DW_TAG_base_type
	.long	.Linfo_string58                 @ DW_AT_name
	.byte	4                               @ DW_AT_encoding
	.byte	8                               @ DW_AT_byte_size
	.byte	11                              @ Abbrev [11] 0x32a:0x7 DW_TAG_imported_declaration
	.byte	4                               @ DW_AT_decl_file
	.byte	110                             @ DW_AT_decl_line
	.long	792                             @ DW_AT_import
	.byte	12                              @ Abbrev [12] 0x331:0x7 DW_TAG_imported_module
	.byte	2                               @ DW_AT_decl_file
	.byte	3                               @ DW_AT_decl_line
	.long	46                              @ DW_AT_import
	.byte	0                               @ End Of Children Mark
.Ldebug_info_end0:
	.section	.debug_str,"MS",%progbits,1
.Linfo_string0:
	.asciz	"Component: Arm Compiler for Embedded 6.19 Tool: armclang [5e73cb00]" @ string offset=0
.Linfo_string1:
	.asciz	"main.cpp"                      @ string offset=68
.Linfo_string2:
	.asciz	"E:\\PROJ\\mcudev\\STM32F4x\\IGTx(iCore)\\001-GPIO\350\276\223\345\205\245\350\276\223\345\207\272\\keiluni" @ string offset=77
.Linfo_string3:
	.asciz	"LEDR"                          @ string offset=142
.Linfo_string4:
	.asciz	"uni"                           @ string offset=147
.Linfo_string5:
	.asciz	"GeneralPurposeInputOutputPin"  @ string offset=151
.Linfo_string6:
	.asciz	"GPIO_Pin"                      @ string offset=180
.Linfo_string7:
	.asciz	"LEDG"                          @ string offset=189
.Linfo_string8:
	.asciz	"LEDB"                          @ string offset=194
.Linfo_string9:
	.asciz	"KEY"                           @ string offset=199
.Linfo_string10:
	.asciz	"GPIOMode"                      @ string offset=203
.Linfo_string11:
	.asciz	"unsigned int"                  @ string offset=212
.Linfo_string12:
	.asciz	"OUT_PushPull"                  @ string offset=225
.Linfo_string13:
	.asciz	"OUT_OpenDrain"                 @ string offset=238
.Linfo_string14:
	.asciz	"OUT_AF_PushPull"               @ string offset=252
.Linfo_string15:
	.asciz	"OUT_AF_OpenDrain"              @ string offset=268
.Linfo_string16:
	.asciz	"IN_Analog"                     @ string offset=285
.Linfo_string17:
	.asciz	"IN_Floating"                   @ string offset=295
.Linfo_string18:
	.asciz	"IN_Pull"                       @ string offset=307
.Linfo_string19:
	.asciz	"IN_KEPT"                       @ string offset=315
.Linfo_string20:
	.asciz	"Mode"                          @ string offset=323
.Linfo_string21:
	.asciz	"signed char"                   @ string offset=328
.Linfo_string22:
	.asciz	"int8_t"                        @ string offset=340
.Linfo_string23:
	.asciz	"short"                         @ string offset=347
.Linfo_string24:
	.asciz	"int16_t"                       @ string offset=353
.Linfo_string25:
	.asciz	"int"                           @ string offset=361
.Linfo_string26:
	.asciz	"int32_t"                       @ string offset=365
.Linfo_string27:
	.asciz	"long long"                     @ string offset=373
.Linfo_string28:
	.asciz	"int64_t"                       @ string offset=383
.Linfo_string29:
	.asciz	"unsigned char"                 @ string offset=391
.Linfo_string30:
	.asciz	"uint8_t"                       @ string offset=405
.Linfo_string31:
	.asciz	"unsigned short"                @ string offset=413
.Linfo_string32:
	.asciz	"uint16_t"                      @ string offset=428
.Linfo_string33:
	.asciz	"uint32_t"                      @ string offset=437
.Linfo_string34:
	.asciz	"unsigned long long"            @ string offset=446
.Linfo_string35:
	.asciz	"uint64_t"                      @ string offset=465
.Linfo_string36:
	.asciz	"int_least8_t"                  @ string offset=474
.Linfo_string37:
	.asciz	"int_least16_t"                 @ string offset=487
.Linfo_string38:
	.asciz	"int_least32_t"                 @ string offset=501
.Linfo_string39:
	.asciz	"int_least64_t"                 @ string offset=515
.Linfo_string40:
	.asciz	"uint_least8_t"                 @ string offset=529
.Linfo_string41:
	.asciz	"uint_least16_t"                @ string offset=543
.Linfo_string42:
	.asciz	"uint_least32_t"                @ string offset=558
.Linfo_string43:
	.asciz	"uint_least64_t"                @ string offset=573
.Linfo_string44:
	.asciz	"int_fast8_t"                   @ string offset=588
.Linfo_string45:
	.asciz	"int_fast16_t"                  @ string offset=600
.Linfo_string46:
	.asciz	"int_fast32_t"                  @ string offset=613
.Linfo_string47:
	.asciz	"int_fast64_t"                  @ string offset=626
.Linfo_string48:
	.asciz	"uint_fast8_t"                  @ string offset=639
.Linfo_string49:
	.asciz	"uint_fast16_t"                 @ string offset=652
.Linfo_string50:
	.asciz	"uint_fast32_t"                 @ string offset=666
.Linfo_string51:
	.asciz	"uint_fast64_t"                 @ string offset=680
.Linfo_string52:
	.asciz	"intptr_t"                      @ string offset=694
.Linfo_string53:
	.asciz	"uintptr_t"                     @ string offset=703
.Linfo_string54:
	.asciz	"intmax_t"                      @ string offset=713
.Linfo_string55:
	.asciz	"uintmax_t"                     @ string offset=722
.Linfo_string56:
	.asciz	"size_t"                        @ string offset=732
.Linfo_string57:
	.asciz	"ptrdiff_t"                     @ string offset=739
.Linfo_string58:
	.asciz	"long double"                   @ string offset=749
.Linfo_string59:
	.asciz	"max_align_t"                   @ string offset=761
	.ident	"Component: Arm Compiler for Embedded 6.19 Tool: armclang [5e73cb00]"
	.section	".note.GNU-stack","",%progbits
	.ARM_attribute	16, 1	@ Tag_AV_eba
	.section	.debug_line,"",%progbits
.Lline_table_start0:
