	.text
	.syntax unified
	.eabi_attribute	67, "2.09"	@ Tag_conformance
	.cpu	cortex-m4
	.eabi_attribute	6, 13	@ Tag_CPU_arch
	.eabi_attribute	7, 77	@ Tag_CPU_arch_profile
	.eabi_attribute	8, 0	@ Tag_ARM_ISA_use
	.eabi_attribute	9, 2	@ Tag_THUMB_ISA_use
	.fpu	fpv4-sp-d16
	.eabi_attribute	27, 1	@ Tag_ABI_HardFP_use
	.eabi_attribute	36, 1	@ Tag_FP_HP_extension
	.eabi_attribute	34, 1	@ Tag_CPU_unaligned_access
	.eabi_attribute	17, 1	@ Tag_ABI_PCS_GOT_use
	.eabi_attribute	20, 2	@ Tag_ABI_FP_denormal
	.eabi_attribute	21, 0	@ Tag_ABI_FP_exceptions
	.eabi_attribute	23, 1	@ Tag_ABI_FP_number_model
	.eabi_attribute	24, 1	@ Tag_ABI_align_needed
	.eabi_attribute	25, 1	@ Tag_ABI_align_preserved
	.eabi_attribute	28, 1	@ Tag_ABI_VFP_args
	.eabi_attribute	38, 1	@ Tag_ABI_FP_16bit_format
	.eabi_attribute	18, 4	@ Tag_ABI_PCS_wchar_t
	.eabi_attribute	26, 2	@ Tag_ABI_enum_size
	.eabi_attribute	14, 0	@ Tag_ABI_PCS_R9_use
	.file	"system_stm32f4xx.c"
	.file	1 "E:\\software\\Keil\\ARM\\ARMCLANG\\Bin\\..\\include" "stdint.h"
	.file	2 "E:\\PROJ\\mcudev\\STM32F407ZE\\IGTx(iCore)\\000-\347\202\271\347\201\257\347\250\213\345\272\217\\keiluni" "../../../../LibSTM32CubeMX/CMSIS/Device/ST/STM32F4xx/Source/Templates/system_stm32f4xx.c"
	.file	3 "E:\\PROJ\\mcudev\\STM32F407ZE\\IGTx(iCore)\\000-\347\202\271\347\201\257\347\250\213\345\272\217\\keiluni" "../../../../LibSTM32CubeMX/CMSIS/Include\\core_cm4.h"
	.file	4 "E:\\PROJ\\mcudev\\STM32F407ZE\\IGTx(iCore)\\000-\347\202\271\347\201\257\347\250\213\345\272\217\\keiluni" "../../../../LibSTM32CubeMX/CMSIS/Device/ST/STM32F4xx/Include/stm32f407xx.h"
	.type	.Lllvm.embedded.module,%object  @ @llvm.embedded.module
	.section	.llvmbc,"",%progbits
	.p2align	4, 0x0
.Lllvm.embedded.module:
	.asciz	"BC\300\3365\024\000\000\005\000\000\000b\f0$MY\276f\255\373\264O\033\310$D\0012\005\000!\f\000\000\322\006\000\000\013\002!\000\002\000\000\000\026\000\000\000\007\201#\221A\310\004I\006\02029\222\001\204\f%\005\b\031\036\004\213b\200\024E\002B\222\013B\244\0202\0248\b\030K\n2R\210Hp\304!#D\022\207\214\020A\222\002d\310\b\261\024 CF\210 \311\0012R\204\030*(*\2201|\260\\\221 \305\310\000\000\000\211 \000\000\"\000\000\0002\"H\t bF\000!+$\230\024!%$\230\024\031'\f\205\244\220`Rd\\ $e\202@\2529\0020\230#@\024B(\202\030\0010A\031\b0D9\347\314\021\200\2022\b\025\bJ\020\264 \340#M\021%L>\313m\177\213=D\252B\b!\004\025B\b!\204\025\002k-\240$M\021%L\376\312q\177\213=DG\024\311\013!\204\020B\ba\205\020B\b+\204\020BX!\254\020\246\000\346\b\002\000\000\000Q\030\000\000\347\000\000\000\033\310)\370\377\377\377\377\001p\000\t(\003\202\034\312\301\035\336A\036\332!\034\330\241\r\314\001\036\332\240\035\302\201\036\320\001\200\007y(\207y(\007y\260\207rh\203yH\207sp\0076\200\007y(\207y(\007y\260\207rh\203yH\207sp\007\2000\007y\b\207v(\2076\200\207wH\007w\240\207r\220\007\300\035\336\301\035\312\001 \332!\035\334\241\r\330\241\034\316!\034\330\241\r\354\241\034\306\201\036\336A\036\332\340\036\322\201\034\350\001\035\0008\000\bwx\2076H\007w0\207yh\003s\200\2076h\207p\240\007t\000\350A\036\352\241\034\000\302\035\336\241\r\334!\034\334a\036\332\300\034\340\241\r\332!\034\350\001\035\000z\220\207z(\007\200p\207wh\203yH\207sp\207r \2076\320\207r\220\207w\230\20760\007xh\203v\b\007z@\007\200\036\344\241\036\312\001 \346\201\036\302a\034\326\241\r\340A\036\336\201\036\312a\034\350\341\035\344\241\r\304\241\036\314\301\034\312A\036\332`\036\322A\037\312\001\300\003\200\240\207p\220\207s(\007zh\203q\200\207z\000\306\341\035\344\201\036\312\001\037\332\240\035\350\000 \350!\034\344\341\034\312\201\036\332\300\034\312!\034\350\241\036\344\241\034\346\001X\203p\220\207v\260\207;(\2076h\0076X\003r\230\007x`\20350\007x\210\003;`\2035@\207{ \207t\260\0076X\003z@\207zh\007qh\203vx\007r(\0076X\003{0\007x\220\203y\200\0076X\003{0\007x\230\003r\210\003;\230\007x`\2035\260\007s\200\007: \2078\260\203y\200\0076h\203p(\207y`\2036\020\007s\210\003;`\2036\030\007r(\207q\200\0078`\2036\030\007r(\207q\200\2078`\2036\030\007r(\207q\200\0079`\2036\030\007r(\207q\200\2079`\2036\030\007r(\207q\200\007:`\2036\030\007r(\207q\200\207:`\2036\030\007r(\207q\200\007;`\2036\030\007r(\207q\200\207;`\2036\030\007y\030\0076h\203q\220\207|\200\007zx\0076h\003r\230\0039`\2036 \207w\240\007x\220\207w \0076h\003s\030\207r`\20360\007xh\203p\220\207v\260\007<`\20360\007xh\203p\220\207v\260\007< \2078\260\0036h\003s\200\2076\b\007yh\007{\300\003r\210\003;\230\007x`\20360\007xh\203p\220\207v\260\007<\230\007x`\20360\007x\210\003;0\207v`\0076h\003s\200\007;\240\0036h\003s\250\007v`\007s\200\2078\260\0036h\003t\270\007rH\007{h\203p\220\207v`\2036H\007<h\207v`\2036`\207w\020\0076h\203v\260\207r`\2036h\007{(\00770\007x`\2036p\207rx\007w`\2036\200\207p\030\007q\240\207t`\2036\220\207p\230\0076h\203y\020\0076h\203y@\207p\220\0036h\003{0\007x\220\0036h\003{0\007x\230\0036h\003{0\007x\230\003r\210\003;`\2036\260\007s\200\2079\230\007x`\2036\260\007s\200\007:`\2036\260\007s\200\007: \2078\260\0036h\003{0\007x\240\203y\200\007`\003$\374\377\377\377\377\000\234\002\340\007\300\037\000\022@\001u\000\364\001\000\000I\030\000\000\002\000\000\000\023\202`B \000\000\000\0232z@\207zh\007q\260\207;(\207vh\203p\220\207vh\003wx\007w(\2076(\207p\020\207t@\007s\3300\007\345\320\006\355\240\007\345\320\006\360\240\007s \007z0\007r\320\006\246\220\016x\320\006\351`\007t\240\007v@\007m`\017q \007x\240\007v@\007z\020\007r\200\007m\020\016z\000\007z0\007r\320\006\3560\007r\320\006\263`\007t\240\364\200\020!\031d\310H\021\021@#\204\311).\270\\/\227\353\345r\275\\\256\0273-\236R\2333\331\260..7\261\257as\232\234\276\210e{z\\~M\251\257)\2659\223\031ix\374k\372\256\313\307\345\027\265\334\206\263\303\364\362\3745\317\317\351\345\366wNo\317df\032\036\357\032\357\230\200'\020\016`\000\002\000\000\000\000\b\036\000\3301=\3150P@\000\004\000\000\000\000\020<\000\260c\342\032b\250\200\000\b\000\000\000\000 x\000`H\225\006\212\001\000@\000\000\001\000\000\000\000\000\001\360\000C\2529\250\f\000\000\002\000\b\000\000\000\000\000\b\200\007\030R\241\002\204\000\001 \000\000\000\000\000\000\000\000\000<\200\304\006\201\302\326\006\000\000Y \000\000\022\000\000\0002\036\230\024\031\021L\220\214\t&G\306\004C\n\005\b\031\372P\016\205P\004eP\002#\000\224\212\2400\n\241\024\n\242@h$\004\000\000\000\000\000\000\000\020 0@`p\200\220@$\021\000\000\000\200\000\201\001\002\000\000\000\261\030\000\000\265\000\000\0003\b\200\034\304\341\034f\024\001=\210C8\204\303\214B\200\007yx\007s\230q\f\346\000\017\355\020\016\364\200\0163\fB\036\302\301\035\316\241\034f0\005=\210C8\204\203\033\314\003=\310C=\214\003=\314x\214tp\007{\b\007yH\207pp\007zp\003vx\207p \207\031\314\021\016\354\220\016\3410\017n0\017\343\360\016\360P\0163\020\304\035\336!\034\330!\035\302a\036f0\211;\274\203;\320C9\264\003<\274\203<\204\003;\314\360\024v`\007{h\0077h\207rh\0077\200\207p\220\207p`\007v(\007v\370\005vx\207w\200\207_\b\207q\030\207r\230\207y\230\201,\356\360\016\356\340\016\365\300\016\3540\003b\310\241\034\344\241\034\314\241\034\344\241\034\334a\034\312!\034\304\201\035\312a\006\326\220C9\310C9\230C9\310C9\270\3038\224C8\210\003;\224\303/\274\203<\374\202;\324\003;\260\303\f\307i\207pX\207rp\203th\007x`\207t\030\207t\240\207\031\316S\017\356\000\017\362P\016\344\220\016\343@\017\341 \016\354P\0163 (\035\334\301\036\302A\036\322!\034\334\201\036\334\340\034\344\341\035\352\001\036f\030Q8\260C:\234\203;\314P$v`\007{h\0077`\207wx\007x\230QL\364\220\017\360P\0163\036j\036\312a\034\350!\035\336\301\035~\001\036\344\241\034\314!\035\360a\006T\205\2038\314\303;\260C=\320C9\374\302<\344C;\210\303;\260\303\214\305\n\207y\230\207w\030\207t\b\007z(\007r\230\201\\\343\020\016\354\300\016\345P\016\3630#\301\322A\036\344\341\027\330\341\035\336\001\036fH\031;\260\203=\264\203\033\204\3038\214C9\314\303<\270\3019\310\303;\324\003<\314H\264q\b\007v`\007q\b\207qX\207\031\333\306\016\354`\017\355\340\006\360 \017\3450\017\345 \017\366P\016n\020\016\3430\016\3450\017\363\340\006\351\340\016\344P\016\3700#\342\354a\034\302\201\035\330\341\027\354!\035\346!\035\304!\035\330!\035\350!\037f \235;\274C=\270\0039\224\2039\314X\274pp\007wx\007z\b\007zH\207wp\207\031\313\347\016\3570\017\341\340\016\351@\017\351\240\017\3450\303\001\003s\250\007w\030\207_\230\207pp\207t\240\207t\320\207r\230\201\204A9\340\3038\260C=\220C9\314@\304\240\035\312\241\035\340A\036\336\301\034f$c0\016\341\300\016\3540\017\351@\017\3450C!\203u\030\007sH\207_\240\207|\200\207r\230\261\224\001<\214\303<\224\3038\320C:\274\203;\314\003\000\000\000y \000\000\357\002\000\000r\036H C\210\f\031\tr2H #\201\214\221\221\321D\240\020(d<12B\216\220!\243\250\n\240P\206\001\000\000\270\360\007\2430\007\210*,u\2000\302A\f\b\202$\b\222\034\307\221\034G\222$I\222$\t1$\205R\020D1\f\303\321\024\004A\024\0041\f\003A\024\r.4O#)\215$M\004\000\000\000../../../../LibSTM32CubeMX/CMSIS/Device/ST/STM32F4xx/Source/Templates\\system_stm32f4xx.cE:\\PROJ\\mcudev\\STM32F407ZE\\IGTx(iCore)\\000-\347\202\271\347\201\257\347\250\213\345\272\217\\keiluniComponent: Arm Compiler for Embedded 6.19 Tool: armclang [5e73cb00]../../../../LibSTM32CubeMX/CMSIS/Include\\core_cm4.hSCB_Type../../../../LibSTM32CubeMX/CMSIS/Device/ST/STM32F4xx/Include/stm32f407xx.hRCC_TypeDefE:\\software\\Keil\\ARM\\ARMCLANG\\Bin\\..\\include\\stdint.huint32_tunsigned intCRPLLCFGRCFGRCIRAHB1RSTRAHB2RSTRAHB3RSTRRESERVED0APB1RSTRAPB2RSTRRESERVED1AHB1ENRAHB2ENRAHB3ENRRESERVED2APB1ENRAPB2ENRRESERVED3AHB1LPENRAHB2LPENRAHB3LPENRRESERVED4APB1LPENRAPB2LPENRRESERVED5BDCRCSRRESERVED6SSCGRPLLI2SCFGRCPUIDICSRVTORAIRCRSCRCCRSHPuint8_tunsigned charSHCSRCFSRHFSRDFSRMMFARBFARAFSRPFRDFRADRMMFRISARCPACRAPBPrescTable../../../../LibSTM32CubeMX/CMSIS/Device/ST/STM32F4xx/Source/Templates/system_stm32f4xx.cAHBPrescTableSystemCoreClockDwarf VersionDebug Info Versionwchar_sizestatic_rwdataenumsize_buildattrarmlib_unavailablearmcompiler-version6.19\000\000\000F1\003\000\000\000\000\0000\202\2204#\b\2113\202\220<#\b\t4\202\220D#\b\2114\202\020\034#\b\0012\202\020$#\b\2012\202\020,#\b\0013\2225L@8\320\022\000\200b\000\000\200J\000\000\000\000\000\000\000\300H\3260\001\276\2007\000\000\216\001\000\000o\001\000\000\000\000\000\000\000\2635\005/\374\001P\027+\221\027@\000\000\0000[S\360B(\000u\241\022|\001\004\000\000\000\2635\005/\210\002P\027)a\016@\000\000\0000\224\0250\2750\004\000\000\004\3009\000t\001\000\000\000\b\000\000\fT\000\201\000\000\003\025\000!\000\300D\016`\025\276\360:\000.\000\000\000\000\0000\221\003<\000\000\000\277\000\006\000\000\000\0000P\001\030\002\000L\344\000\326\021\016\364\004\334\002\000\000\000\000\000\0239\300\003\000\000 \016`\000\000\000\000\000\003\025\000\002\000\300<\007@\006\n\030\000\0070\221\003X\t9\200\002P\016\000\000\000\000\000\3140\200\3038\230\303D\016P\007\000\000\000\346\000\000\000\000\000\300D\016\320,\341`K\267\200\016`\000\000\000\000\000\0239@\303\204\303-\335\002:\200\001\000\006\000\000\000\0239@\323\204\003.\335\002:\200\001\000\n\000\000\000\0239@\343\204C.\335\002:\200\001\000\016\000\000\000\0239@\363\204\203.\335\002:\200\001\000\022\000\000\000\0239@\003\205\303.\335\002:\200\001\000\026\000\000\000\0239@\023\205\003/\335\002:\200\001\000\032\000\000\000\0239@#\205C/\335\2029\200\001\000\036\000\000\000\0239@3\205\203/\335\002:\200\001\000\"\000\000\000\0239@C\205\303/\335\002:\200\001\000&\000\000\000\323\024\304*\000\0000C0\017#YB\000\000\000`\016\240\000\000\000=\000\000\000\000\000\000\000\300D\016\320T\341\000N\267P\017\240\000\200\n\000\000\300D\016\320X\341\020N\267\200\016`\000\200\f\000\000\300D\016\320\\\341 N\267\200\016`\000\200\r\000\000\300D\016\320`\3410N\267\200\016`\000\200\016\000\000\300D\016\320d\341@N\267`\016`\000\200\017\000\000\300D\016\320h\341PN\267\200\016`\000\200\020\000\000\300D\016\320l\341`N\267\200\016`\000\200\021\000\000\300D\016\320p\341pN\267P\017\240\000\200\022\000\000\300D\016\320t\341\200N\267\200\016`\000\200\024\000\000\300D\016\320x\341\220N\267\200\016`\000\200\025\000\000\300D\016\320|\341\240N\267\200\016`\000\200\026\000\000\300D\016\320\200A8\254\323-\230\003\030\000\340\005\000\0000\221\0034a\020\016\354t\013\350\000\006\000\210\001\000\000L\344\000\215\030\204C;\335\002:\200\001\000f\000\000\000\0239@3\006\341\340N\267P\017\240\000\200\032\000\000\300D\016\320\220A8\274\323-\240\003\030\000 \007\000\0000\221\0034e\020\016\360t\013\350\000\006\000\330\001\000\000L\344\000\215\031\204C<\335B=\200\002\000z\000\000\000\0239@s\006\341 O\267\200\016`\000\200`\000\000\0000\221\0034h\020\016\363t\013\350\000\006\000\030\006\000\000\0003x\351\240\016\353\300\016\355\340\016\357\000\017\361 \017\366p\017\370\220\017\372\260\017\374\320\017\376\360\017 \021\022\"1\022$Q\022&q\022(\221\022\0239\200\031\000\000\000\240\003\000\000\000\000\000\0239@\223\006\276\2407\270\260\022`\000\000\000\000\000\0239@\243\006\276\2607\270\200\016`\000\200\001\000\000\300D\016\320\254\201/\360\r.\240\003\030\000\240\000\000\0000\221\0034l\340\013}\203\013\350\000\006\0008\000\000\000L\344\000M\033\370\202\337\340\002:\200\001\000\022\000\000\000\0239@\343\006\276\3607\270\200\016`\000\200\005\000\000\300<\007@\006q\200\000\b0\221\003Xp@\016~\000\310\004\000\000\000\000\000\0239@\035\000\000\000\314\004\000\000\000\000\000\323\024\004+\000\0000CP\023#YB\000\000\000@\023\340\000\000\200M\000\000\000\000\000\000\000\300D\016\320\274\201/\200\016.\334\0048\000\240\001\000\0000\221\0034r\340\013\241\203\013\350\000\006\000\230\000\000\000L\344\000\315\034\370\202\350\340\002:\200\001\000*\000\000\000\0239@C\007\2760:\270\200\016`\000\200\013\000\000\300D\016\320\324\201/\220\016.\240\003\030\000 \003\000\0000\221\0034v\340\013\245\203\013\350\000\006\000\330\000\000\000L\344\000\315\035\370\202\351\340\002:\200\001\000:\000\000\000\0239@\203\007\276p:\270\200\016`\000\200\017\000\000\300H\226\020\000\000\000\254\004(\000\000@\017\000\000\000\000\000\000\0000\221\0034y\340\013\250\203\013`\001\n\000\b\001\000\000L\344\000\215\036\370B\352\340\302J\200\001\000J\000\000\000\0239@\263\007\276\240:\270\260\022`\000\200\023\000\000\3004\005\321\n\000\000\314\020\220\305H\226\020\000\000\000\254\004H\000\000P\026\000\000\000\000\000\000\0000\221\0034|\340\013\253\203\013f\001\022\000H\001\000\000LS\020\256\000\000\300\f\001Z\214d\t\001\000\000\300J\200\005\000\000i\001\000\000\000\000\000\000\000\0239@\323\007\276\300:\270\240\026`\001\200\030\000\000\300H\226\020\000\000\000\230\003X\000\000\220\026\000\000\000\000\000\000\0000\221\0034\222/\264\016.\260\005X\000`\007\000\0000\221\0034~\340\013\256\203\013\350\000\006\000(\006\000\000\0003T,\321\022.\361\0220\021\0238\221\023:\261\023<\321\023>\361\023a!\026cq\026k\321\026n1]`L\031\f\300.\300\305\224\301\000\350\002\\L\031\f@.\300\305\fC\\\310\305\\\fT\000\240 \000\300D\016`\006\000\000\0003\001\000\000\000\000\3004\005\361\n\000\000\314\020\334\305H\226\020\000\000\000\330\005(\000\000\200\027\000\000\000\000\000\000\0000MA\300\002\000\0003\004z1\222%\004\000\000\000v\001\022\000\000\354\005\000\000\000\000\000\000\000\3140\304\302(\310\302\f\303,\220\002-\3140\324B)\310\302\fC-\230B-\3140\324\302)\314\302\fC-\240\202-\3140\324B*\250\302\f\3010C\000\314D\b@i\0003\000\327\017\000\307q\034\307q\034\307q\234\\\310\005?\360\003?\230\205\033\270\201=\300\203\033\330\003<\270\201)\330\003\035\300\203H\240\004J\240\004J\240\004J\240\004J\240\004\035pf\201\022(\201\022(\201\022(\201\022(\201\022(\201\022.\341\022.\341\022.\341\022.A\0234\201/\360\200\022.\341\022.\341\022.a\n\374\000\017t\300\231\205K\270\204K\270\204K\270\204K\270\204Y\270\204K\270\004\035pf\341\022t\300\231\205K\230\005J\320\004\213Xt@\007t@\007t\000\017t\300\231\005\035pfA\007t@\007t@\007t@\007\226\345\0062\022\230\240\\\330\330\354\332\\\310\304\316\\\306\352F\tv!#66\2736\227\2667\262:\2662\0273\266\260\263\271Q\016\276\350\013\277\370\013\320\b\r\321H\205\215\315\256\315%\215\254\314\215n\224`4\206\f\006\000\200\213!\203!\000\342b\310`\020\000\271\000\000\251\030\000\000/\000\000\000\013\nr(\207w\200\007zXp\230C=\270\3038\260C9\320\303\202\346\034\306\241\r\350A\036\302\301\035\346!\035\350!\035\336\301\035\026(\342P\016\346\360\016\362P\016\351\340\016\363@\017\013\222p0\007z(\007yH\007w\230\007zX\320\214\2039\234C=\204\203<\220\003=\204\203<\234C9\320\303\002\006\036\344\241\034\302\201\035\330\341\035\306!\034\350\241\034\310a\301q\016\343\320\006\354\220\016\366P\016\013\254q`\207pp\207sp\203p\220\207qp\203p\240\007z\b\207q@\207r \207q\b\007v`\207\005\007<\320\203<\204C=\320\003:, \326a\034\314!\035\000\000\000\000\321\020\000\000\006\000\000\000\007\314<\244\203;\234\003;\224\003=\240\203<\224C8\220\303\001\000\000\000a \000\000%\000\000\000\023\004A,\020\000\000\000\007\000\000\000\024*\220\031\377\177\240P\n\020\020\360\201\300P\207\003d\001\023X\246\241\002\000\000\000\000\3610\000\000\f\000\000\000\"G\310\220Q\006\204\003\n\000\000\000SystemInit\000\000\253\250\243.P\003\250\213\2630\r\264\000\020\000Dx\001\000N\003\000\000\000$\2049cP\254\005\224\032\000p\001\261\023\006\300\260\001A\004C0a\000\350\214Aa\027Aj\000@@\f\000\002\000\000\000[\004\0005\000\000\000\000\000\000\000\000a \000\0003\001\000\000\023\004I,\020\000\000\000\016\000\000\000\024\n0|\375\242\000\377\007\212\241\000\301#\001\021\n\243 \n\020\020\220\240X\312\257\000\0011\n\244\300\007\b\fu<\200\030\004L\260\230\006\214\241\216\007\020\203\200\t\022\000\000\3610\000\0005\000\000\000\"G\310\220Q\032\310\035\000\000\000\000\325`\020\t\001\000\000\000SystemCoreClockUpdatetmppllvcopllppllsourcepllm\000\253\250\243.P\003\250\013\3360\215\336\000\020\000Dx\001\000N\003\000\000`V\021\270F]\220\3070\253\b^\243.\346c\231U\004\260Q\027\364q\314*\002\330\250\213\3748\306)\202k\244F]\370\2069\000\000\000\214S\004\327P\215\272\360\rs\000\000\000\030\247\b\256\261\032u\341\033\346\000\000\0000N\021\\\2035\352\3027\314\001\000\000`\234\"\270Fk\324\205o\230\003\000\000\300\004\001 \203\t\002P\006\023\004\300\f&\b\300\031L\020\0004\000\000\0003\021A\260\214\302LD\020,\2430\023\021\004\313(\314D\004\3012\n3\021A\260\214\302\210\301\001\200 \030 d \353\377\377\377\303\255\377\377\377\017\372\376\377\377?\314\030\024\276\301\270\006\000\f\033\020E7\000\023\006\300\210\301\001\200 \030 d\020\353\377\377\377\203\255\377\377\377\017\372\376\377\377?\314\030\024\276Q\271\006\000\f\033\020D7\000\023\006\300\210\301\001\200 \030 d\000\353\377\377\377C\255\377\377\377\017\372\376\377\377?\314\030\024\276\021\006\256\001\000\303\006\304\000\006\0030a\000\214\030\034\000\b\202\001B\006\257\376\377\377?\320\372\377\377\377\240\357\377\377\377\303\214A\341\033k\340\032\0000l@\b\335\000L\030\000#\006\007\000\202`\200\220\201\253\377\377\377\017\263\376\377\377?\350\373\377\377\3770cP\370\206\036\270\006\000\f\033\020\001\030\f\300\204\001@F\2303\006Ex8\256\001\000\027D:cP\204\307\344\032\0000l@\034\301\000\314\030\024\341q\270\006\000\320\021\306\214A1\036\213k\000\3000I\020\034L\200\b\3320cP\214\307\340\032\0000l@\260\201\031\f\300\214Aa\036\327k\000\300,\0012cP\234\307\361\032\0000l@\260\3015\0003\006Ez\\\257\001\000\263\004\310\214A\241\036\307k\000\000-a\316\030\024\360\221\275\006\000\\ \351\214A\001\037a\360\032\000p\201\2043\006\005|\334\301k\000\300\260\001\201\004\0030cP\300G\364\032\000@N\2303\006E|L\257\001\000\027L:cP\304\307\366\032\0000l@$\301\000\314\030\024\361\301\274\006\000\220\022\306\214A1\037\013l\000\300pC`\006a0cP\314G\005\033\0000\313@\024\301\214A1\037\313k\000\000-a\314\030\024\366\361\305\006\000\334\027\314\214Aa\037]l\000\000Qa\316\030\024\366\341\006\261\001\000\027\200\201\316\030\024\366a\007\261\001\000\027\200\001\316\030\024\366\241\n\261\001\000G\0042cP\330G\031\304\006\000\f\033\020T0\0003\006\205}@\261\001\000\263\004\306\214Aq\037Gl\000\000Ea\314\030\024\373\361\311\006\000\034\035\0043cP\354G'\033\000@Z\2303\006\305~\270\201l\000\300\005f\2403\006\305~\330\201l\000\300\005f\2003\006\305~\250\202l\000\300\021\201\314\030\024\373Q\006\262\001\000\303\006\204\026\f\300\214A\261\037\220l\000\300,\201A^\2303\006\205\177X\257\001\000\027\210\201\316\030\024\376\341\275\006\000\\ \0068cP\370\207\034\274\006\000\\p\0070cP\370\007\036\274\006\000\\\240\0072cP\370\207\037\274\006\000\f\033\020^0\0003\006\205\1770\257\001\000\364\2051cP\374G\366\032\000@_\0303\006\305\177\200\301k\000\300\t\301\314\030\024\377\361\275\006\000\f\033\020\247\020\f\300\214A\361\037\327k\000\300,\0012cP\200\310\361\032\0000l@\234B(\f\300\214A!\"\327k\000\300,\0012cP\214\310\361\032\000@d\020\346\214Aq\"\236k\000\300\005h\2403\006\305\211\214\201k\000\300\005\241\2003\006\305\211\320\201k\000@\037C*\370A0cP\234H\342\032\000@\201\b\023\006@\006!&\f\200a\003\"\r\202\001\2301(N\344p\r\000\2404\bc\306\240H\221\3135\000\200\\!\214\031\203\"E&\327\000\200\013\004\2340\000\206\r\bX\b\006`\302\000\320\031\203BE\002\327\000\200\200\030\000\000\002\000\000\000[\004\2405\000\000\000\000\000\000\000\000q \000\000\003\000\000\0002\016\020\"\204\003\372\nH\020\272\000\000\000\000\000e\f\000\000=\000\000\000\022\003\224\350\001\000\000\000\003\000\000\000X\000\000\000\t\000\000\000L\000\000\000\001\000\000\000X\000\000\000\000\000\000\000X\000\000\000\006\000\000\000\350\000\000\000\000\000\000\000a\000\000\000\031\000\000\000z\000\000\000X\000\000\000\017\000\000\000\000\000\000\000\350\000\000\000\000\000\000\000\000\000\000\000\006\000\000\000\000\000\000\000)\000\000\000\n\000\000\000)\000\000\000\n\000\000\000\377\377\377\377\001$\000\0003\000\000\000\025\000\000\0003\000\000\000\025\000\000\000\377\377\377\377\001$\000\000H\000\000\000\020\000\000\000H\000\000\000\020\000\000\000\377\377\377\377\b,\000\000\000\000\000\000\017\000\000\000\000\000\000\000\017\000\000\000\377\377\377\377\001\004\000\000\017\000\000\000\r\000\000\000\017\000\000\000\r\000\000\000\377\377\377\377\001\004\000\000\034\000\000\000\r\000\000\000\034\000\000\000\r\000\000\000\377\377\377\377\001\004\000\000\000\000\000\000]\f\000\0008\000\000\000\022\003\224\262\001\000\000\000SystemCoreClockAHBPrescTableAPBPrescTableSystemInitSystemCoreClockUpdatellvm.dbg.declare16.0.0gitthumbv7em-arm-none-eabihf../../../../LibSTM32CubeMX/CMSIS/Device/ST/STM32F4xx/Source/Templates/system_stm32f4xx.c\000\000\000\000\000"
	.size	.Lllvm.embedded.module, 7508

	.section	.debug_abbrev,"",%progbits
	.byte	1                               @ Abbreviation Code
	.byte	17                              @ DW_TAG_compile_unit
	.byte	1                               @ DW_CHILDREN_yes
	.byte	37                              @ DW_AT_producer
	.byte	14                              @ DW_FORM_strp
	.byte	19                              @ DW_AT_language
	.byte	5                               @ DW_FORM_data2
	.byte	3                               @ DW_AT_name
	.byte	14                              @ DW_FORM_strp
	.byte	16                              @ DW_AT_stmt_list
	.byte	23                              @ DW_FORM_sec_offset
	.byte	27                              @ DW_AT_comp_dir
	.byte	14                              @ DW_FORM_strp
	.byte	0                               @ EOM(1)
	.byte	0                               @ EOM(2)
	.byte	2                               @ Abbreviation Code
	.byte	52                              @ DW_TAG_variable
	.byte	0                               @ DW_CHILDREN_no
	.byte	3                               @ DW_AT_name
	.byte	14                              @ DW_FORM_strp
	.byte	73                              @ DW_AT_type
	.byte	19                              @ DW_FORM_ref4
	.byte	63                              @ DW_AT_external
	.byte	25                              @ DW_FORM_flag_present
	.byte	58                              @ DW_AT_decl_file
	.byte	11                              @ DW_FORM_data1
	.byte	59                              @ DW_AT_decl_line
	.byte	11                              @ DW_FORM_data1
	.byte	0                               @ EOM(1)
	.byte	0                               @ EOM(2)
	.byte	3                               @ Abbreviation Code
	.byte	22                              @ DW_TAG_typedef
	.byte	0                               @ DW_CHILDREN_no
	.byte	73                              @ DW_AT_type
	.byte	19                              @ DW_FORM_ref4
	.byte	3                               @ DW_AT_name
	.byte	14                              @ DW_FORM_strp
	.byte	58                              @ DW_AT_decl_file
	.byte	11                              @ DW_FORM_data1
	.byte	59                              @ DW_AT_decl_line
	.byte	11                              @ DW_FORM_data1
	.byte	0                               @ EOM(1)
	.byte	0                               @ EOM(2)
	.byte	4                               @ Abbreviation Code
	.byte	36                              @ DW_TAG_base_type
	.byte	0                               @ DW_CHILDREN_no
	.byte	3                               @ DW_AT_name
	.byte	14                              @ DW_FORM_strp
	.byte	62                              @ DW_AT_encoding
	.byte	11                              @ DW_FORM_data1
	.byte	11                              @ DW_AT_byte_size
	.byte	11                              @ DW_FORM_data1
	.byte	0                               @ EOM(1)
	.byte	0                               @ EOM(2)
	.byte	5                               @ Abbreviation Code
	.byte	1                               @ DW_TAG_array_type
	.byte	1                               @ DW_CHILDREN_yes
	.byte	73                              @ DW_AT_type
	.byte	19                              @ DW_FORM_ref4
	.byte	0                               @ EOM(1)
	.byte	0                               @ EOM(2)
	.byte	6                               @ Abbreviation Code
	.byte	33                              @ DW_TAG_subrange_type
	.byte	0                               @ DW_CHILDREN_no
	.byte	73                              @ DW_AT_type
	.byte	19                              @ DW_FORM_ref4
	.byte	55                              @ DW_AT_count
	.byte	11                              @ DW_FORM_data1
	.byte	0                               @ EOM(1)
	.byte	0                               @ EOM(2)
	.byte	7                               @ Abbreviation Code
	.byte	38                              @ DW_TAG_const_type
	.byte	0                               @ DW_CHILDREN_no
	.byte	73                              @ DW_AT_type
	.byte	19                              @ DW_FORM_ref4
	.byte	0                               @ EOM(1)
	.byte	0                               @ EOM(2)
	.byte	8                               @ Abbreviation Code
	.byte	36                              @ DW_TAG_base_type
	.byte	0                               @ DW_CHILDREN_no
	.byte	3                               @ DW_AT_name
	.byte	14                              @ DW_FORM_strp
	.byte	11                              @ DW_AT_byte_size
	.byte	11                              @ DW_FORM_data1
	.byte	62                              @ DW_AT_encoding
	.byte	11                              @ DW_FORM_data1
	.byte	0                               @ EOM(1)
	.byte	0                               @ EOM(2)
	.byte	9                               @ Abbreviation Code
	.byte	15                              @ DW_TAG_pointer_type
	.byte	0                               @ DW_CHILDREN_no
	.byte	73                              @ DW_AT_type
	.byte	19                              @ DW_FORM_ref4
	.byte	0                               @ EOM(1)
	.byte	0                               @ EOM(2)
	.byte	10                              @ Abbreviation Code
	.byte	22                              @ DW_TAG_typedef
	.byte	0                               @ DW_CHILDREN_no
	.byte	73                              @ DW_AT_type
	.byte	19                              @ DW_FORM_ref4
	.byte	3                               @ DW_AT_name
	.byte	14                              @ DW_FORM_strp
	.byte	58                              @ DW_AT_decl_file
	.byte	11                              @ DW_FORM_data1
	.byte	59                              @ DW_AT_decl_line
	.byte	5                               @ DW_FORM_data2
	.byte	0                               @ EOM(1)
	.byte	0                               @ EOM(2)
	.byte	11                              @ Abbreviation Code
	.byte	19                              @ DW_TAG_structure_type
	.byte	1                               @ DW_CHILDREN_yes
	.byte	11                              @ DW_AT_byte_size
	.byte	11                              @ DW_FORM_data1
	.byte	58                              @ DW_AT_decl_file
	.byte	11                              @ DW_FORM_data1
	.byte	59                              @ DW_AT_decl_line
	.byte	5                               @ DW_FORM_data2
	.byte	0                               @ EOM(1)
	.byte	0                               @ EOM(2)
	.byte	12                              @ Abbreviation Code
	.byte	13                              @ DW_TAG_member
	.byte	0                               @ DW_CHILDREN_no
	.byte	3                               @ DW_AT_name
	.byte	14                              @ DW_FORM_strp
	.byte	73                              @ DW_AT_type
	.byte	19                              @ DW_FORM_ref4
	.byte	58                              @ DW_AT_decl_file
	.byte	11                              @ DW_FORM_data1
	.byte	59                              @ DW_AT_decl_line
	.byte	5                               @ DW_FORM_data2
	.byte	56                              @ DW_AT_data_member_location
	.byte	11                              @ DW_FORM_data1
	.byte	0                               @ EOM(1)
	.byte	0                               @ EOM(2)
	.byte	13                              @ Abbreviation Code
	.byte	53                              @ DW_TAG_volatile_type
	.byte	0                               @ DW_CHILDREN_no
	.byte	73                              @ DW_AT_type
	.byte	19                              @ DW_FORM_ref4
	.byte	0                               @ EOM(1)
	.byte	0                               @ EOM(2)
	.byte	0                               @ EOM(3)
	.section	.debug_info,"",%progbits
.Lcu_begin0:
	.long	.Ldebug_info_end0-.Ldebug_info_start0 @ Length of Unit
.Ldebug_info_start0:
	.short	4                               @ DWARF version number
	.long	.debug_abbrev                   @ Offset Into Abbrev. Section
	.byte	4                               @ Address Size (in bytes)
	.byte	1                               @ Abbrev [1] 0xb:0x399 DW_TAG_compile_unit
	.long	.Linfo_string0                  @ DW_AT_producer
	.short	12                              @ DW_AT_language
	.long	.Linfo_string1                  @ DW_AT_name
	.long	.Lline_table_start0             @ DW_AT_stmt_list
	.long	.Linfo_string2                  @ DW_AT_comp_dir
	.byte	2                               @ Abbrev [2] 0x1e:0xb DW_TAG_variable
	.long	.Linfo_string3                  @ DW_AT_name
	.long	41                              @ DW_AT_type
                                        @ DW_AT_external
	.byte	2                               @ DW_AT_decl_file
	.byte	137                             @ DW_AT_decl_line
	.byte	3                               @ Abbrev [3] 0x29:0xb DW_TAG_typedef
	.long	52                              @ DW_AT_type
	.long	.Linfo_string5                  @ DW_AT_name
	.byte	1                               @ DW_AT_decl_file
	.byte	64                              @ DW_AT_decl_line
	.byte	4                               @ Abbrev [4] 0x34:0x7 DW_TAG_base_type
	.long	.Linfo_string4                  @ DW_AT_name
	.byte	7                               @ DW_AT_encoding
	.byte	4                               @ DW_AT_byte_size
	.byte	2                               @ Abbrev [2] 0x3b:0xb DW_TAG_variable
	.long	.Linfo_string6                  @ DW_AT_name
	.long	70                              @ DW_AT_type
                                        @ DW_AT_external
	.byte	2                               @ DW_AT_decl_file
	.byte	138                             @ DW_AT_decl_line
	.byte	5                               @ Abbrev [5] 0x46:0xc DW_TAG_array_type
	.long	82                              @ DW_AT_type
	.byte	6                               @ Abbrev [6] 0x4b:0x6 DW_TAG_subrange_type
	.long	105                             @ DW_AT_type
	.byte	16                              @ DW_AT_count
	.byte	0                               @ End Of Children Mark
	.byte	7                               @ Abbrev [7] 0x52:0x5 DW_TAG_const_type
	.long	87                              @ DW_AT_type
	.byte	3                               @ Abbrev [3] 0x57:0xb DW_TAG_typedef
	.long	98                              @ DW_AT_type
	.long	.Linfo_string8                  @ DW_AT_name
	.byte	1                               @ DW_AT_decl_file
	.byte	62                              @ DW_AT_decl_line
	.byte	4                               @ Abbrev [4] 0x62:0x7 DW_TAG_base_type
	.long	.Linfo_string7                  @ DW_AT_name
	.byte	8                               @ DW_AT_encoding
	.byte	1                               @ DW_AT_byte_size
	.byte	8                               @ Abbrev [8] 0x69:0x7 DW_TAG_base_type
	.long	.Linfo_string9                  @ DW_AT_name
	.byte	8                               @ DW_AT_byte_size
	.byte	7                               @ DW_AT_encoding
	.byte	2                               @ Abbrev [2] 0x70:0xb DW_TAG_variable
	.long	.Linfo_string10                 @ DW_AT_name
	.long	123                             @ DW_AT_type
                                        @ DW_AT_external
	.byte	2                               @ DW_AT_decl_file
	.byte	139                             @ DW_AT_decl_line
	.byte	5                               @ Abbrev [5] 0x7b:0xc DW_TAG_array_type
	.long	82                              @ DW_AT_type
	.byte	6                               @ Abbrev [6] 0x80:0x6 DW_TAG_subrange_type
	.long	105                             @ DW_AT_type
	.byte	8                               @ DW_AT_count
	.byte	0                               @ End Of Children Mark
	.byte	9                               @ Abbrev [9] 0x87:0x5 DW_TAG_pointer_type
	.long	140                             @ DW_AT_type
	.byte	10                              @ Abbrev [10] 0x8c:0xc DW_TAG_typedef
	.long	152                             @ DW_AT_type
	.long	.Linfo_string32                 @ DW_AT_name
	.byte	3                               @ DW_AT_decl_file
	.short	463                             @ DW_AT_decl_line
	.byte	11                              @ Abbrev [11] 0x98:0x117 DW_TAG_structure_type
	.byte	140                             @ DW_AT_byte_size
	.byte	3                               @ DW_AT_decl_file
	.short	440                             @ DW_AT_decl_line
	.byte	12                              @ Abbrev [12] 0x9d:0xd DW_TAG_member
	.long	.Linfo_string11                 @ DW_AT_name
	.long	431                             @ DW_AT_type
	.byte	3                               @ DW_AT_decl_file
	.short	442                             @ DW_AT_decl_line
	.byte	0                               @ DW_AT_data_member_location
	.byte	12                              @ Abbrev [12] 0xaa:0xd DW_TAG_member
	.long	.Linfo_string12                 @ DW_AT_name
	.long	436                             @ DW_AT_type
	.byte	3                               @ DW_AT_decl_file
	.short	443                             @ DW_AT_decl_line
	.byte	4                               @ DW_AT_data_member_location
	.byte	12                              @ Abbrev [12] 0xb7:0xd DW_TAG_member
	.long	.Linfo_string13                 @ DW_AT_name
	.long	436                             @ DW_AT_type
	.byte	3                               @ DW_AT_decl_file
	.short	444                             @ DW_AT_decl_line
	.byte	8                               @ DW_AT_data_member_location
	.byte	12                              @ Abbrev [12] 0xc4:0xd DW_TAG_member
	.long	.Linfo_string14                 @ DW_AT_name
	.long	436                             @ DW_AT_type
	.byte	3                               @ DW_AT_decl_file
	.short	445                             @ DW_AT_decl_line
	.byte	12                              @ DW_AT_data_member_location
	.byte	12                              @ Abbrev [12] 0xd1:0xd DW_TAG_member
	.long	.Linfo_string15                 @ DW_AT_name
	.long	436                             @ DW_AT_type
	.byte	3                               @ DW_AT_decl_file
	.short	446                             @ DW_AT_decl_line
	.byte	16                              @ DW_AT_data_member_location
	.byte	12                              @ Abbrev [12] 0xde:0xd DW_TAG_member
	.long	.Linfo_string16                 @ DW_AT_name
	.long	436                             @ DW_AT_type
	.byte	3                               @ DW_AT_decl_file
	.short	447                             @ DW_AT_decl_line
	.byte	20                              @ DW_AT_data_member_location
	.byte	12                              @ Abbrev [12] 0xeb:0xd DW_TAG_member
	.long	.Linfo_string17                 @ DW_AT_name
	.long	441                             @ DW_AT_type
	.byte	3                               @ DW_AT_decl_file
	.short	448                             @ DW_AT_decl_line
	.byte	24                              @ DW_AT_data_member_location
	.byte	12                              @ Abbrev [12] 0xf8:0xd DW_TAG_member
	.long	.Linfo_string18                 @ DW_AT_name
	.long	436                             @ DW_AT_type
	.byte	3                               @ DW_AT_decl_file
	.short	449                             @ DW_AT_decl_line
	.byte	36                              @ DW_AT_data_member_location
	.byte	12                              @ Abbrev [12] 0x105:0xd DW_TAG_member
	.long	.Linfo_string19                 @ DW_AT_name
	.long	436                             @ DW_AT_type
	.byte	3                               @ DW_AT_decl_file
	.short	450                             @ DW_AT_decl_line
	.byte	40                              @ DW_AT_data_member_location
	.byte	12                              @ Abbrev [12] 0x112:0xd DW_TAG_member
	.long	.Linfo_string20                 @ DW_AT_name
	.long	436                             @ DW_AT_type
	.byte	3                               @ DW_AT_decl_file
	.short	451                             @ DW_AT_decl_line
	.byte	44                              @ DW_AT_data_member_location
	.byte	12                              @ Abbrev [12] 0x11f:0xd DW_TAG_member
	.long	.Linfo_string21                 @ DW_AT_name
	.long	436                             @ DW_AT_type
	.byte	3                               @ DW_AT_decl_file
	.short	452                             @ DW_AT_decl_line
	.byte	48                              @ DW_AT_data_member_location
	.byte	12                              @ Abbrev [12] 0x12c:0xd DW_TAG_member
	.long	.Linfo_string22                 @ DW_AT_name
	.long	436                             @ DW_AT_type
	.byte	3                               @ DW_AT_decl_file
	.short	453                             @ DW_AT_decl_line
	.byte	52                              @ DW_AT_data_member_location
	.byte	12                              @ Abbrev [12] 0x139:0xd DW_TAG_member
	.long	.Linfo_string23                 @ DW_AT_name
	.long	436                             @ DW_AT_type
	.byte	3                               @ DW_AT_decl_file
	.short	454                             @ DW_AT_decl_line
	.byte	56                              @ DW_AT_data_member_location
	.byte	12                              @ Abbrev [12] 0x146:0xd DW_TAG_member
	.long	.Linfo_string24                 @ DW_AT_name
	.long	436                             @ DW_AT_type
	.byte	3                               @ DW_AT_decl_file
	.short	455                             @ DW_AT_decl_line
	.byte	60                              @ DW_AT_data_member_location
	.byte	12                              @ Abbrev [12] 0x153:0xd DW_TAG_member
	.long	.Linfo_string25                 @ DW_AT_name
	.long	458                             @ DW_AT_type
	.byte	3                               @ DW_AT_decl_file
	.short	456                             @ DW_AT_decl_line
	.byte	64                              @ DW_AT_data_member_location
	.byte	12                              @ Abbrev [12] 0x160:0xd DW_TAG_member
	.long	.Linfo_string26                 @ DW_AT_name
	.long	431                             @ DW_AT_type
	.byte	3                               @ DW_AT_decl_file
	.short	457                             @ DW_AT_decl_line
	.byte	72                              @ DW_AT_data_member_location
	.byte	12                              @ Abbrev [12] 0x16d:0xd DW_TAG_member
	.long	.Linfo_string27                 @ DW_AT_name
	.long	431                             @ DW_AT_type
	.byte	3                               @ DW_AT_decl_file
	.short	458                             @ DW_AT_decl_line
	.byte	76                              @ DW_AT_data_member_location
	.byte	12                              @ Abbrev [12] 0x17a:0xd DW_TAG_member
	.long	.Linfo_string28                 @ DW_AT_name
	.long	470                             @ DW_AT_type
	.byte	3                               @ DW_AT_decl_file
	.short	459                             @ DW_AT_decl_line
	.byte	80                              @ DW_AT_data_member_location
	.byte	12                              @ Abbrev [12] 0x187:0xd DW_TAG_member
	.long	.Linfo_string29                 @ DW_AT_name
	.long	482                             @ DW_AT_type
	.byte	3                               @ DW_AT_decl_file
	.short	460                             @ DW_AT_decl_line
	.byte	96                              @ DW_AT_data_member_location
	.byte	12                              @ Abbrev [12] 0x194:0xd DW_TAG_member
	.long	.Linfo_string30                 @ DW_AT_name
	.long	494                             @ DW_AT_type
	.byte	3                               @ DW_AT_decl_file
	.short	461                             @ DW_AT_decl_line
	.byte	116                             @ DW_AT_data_member_location
	.byte	12                              @ Abbrev [12] 0x1a1:0xd DW_TAG_member
	.long	.Linfo_string31                 @ DW_AT_name
	.long	436                             @ DW_AT_type
	.byte	3                               @ DW_AT_decl_file
	.short	462                             @ DW_AT_decl_line
	.byte	136                             @ DW_AT_data_member_location
	.byte	0                               @ End Of Children Mark
	.byte	7                               @ Abbrev [7] 0x1af:0x5 DW_TAG_const_type
	.long	436                             @ DW_AT_type
	.byte	13                              @ Abbrev [13] 0x1b4:0x5 DW_TAG_volatile_type
	.long	41                              @ DW_AT_type
	.byte	5                               @ Abbrev [5] 0x1b9:0xc DW_TAG_array_type
	.long	453                             @ DW_AT_type
	.byte	6                               @ Abbrev [6] 0x1be:0x6 DW_TAG_subrange_type
	.long	105                             @ DW_AT_type
	.byte	12                              @ DW_AT_count
	.byte	0                               @ End Of Children Mark
	.byte	13                              @ Abbrev [13] 0x1c5:0x5 DW_TAG_volatile_type
	.long	87                              @ DW_AT_type
	.byte	5                               @ Abbrev [5] 0x1ca:0xc DW_TAG_array_type
	.long	431                             @ DW_AT_type
	.byte	6                               @ Abbrev [6] 0x1cf:0x6 DW_TAG_subrange_type
	.long	105                             @ DW_AT_type
	.byte	2                               @ DW_AT_count
	.byte	0                               @ End Of Children Mark
	.byte	5                               @ Abbrev [5] 0x1d6:0xc DW_TAG_array_type
	.long	431                             @ DW_AT_type
	.byte	6                               @ Abbrev [6] 0x1db:0x6 DW_TAG_subrange_type
	.long	105                             @ DW_AT_type
	.byte	4                               @ DW_AT_count
	.byte	0                               @ End Of Children Mark
	.byte	5                               @ Abbrev [5] 0x1e2:0xc DW_TAG_array_type
	.long	431                             @ DW_AT_type
	.byte	6                               @ Abbrev [6] 0x1e7:0x6 DW_TAG_subrange_type
	.long	105                             @ DW_AT_type
	.byte	5                               @ DW_AT_count
	.byte	0                               @ End Of Children Mark
	.byte	5                               @ Abbrev [5] 0x1ee:0xc DW_TAG_array_type
	.long	41                              @ DW_AT_type
	.byte	6                               @ Abbrev [6] 0x1f3:0x6 DW_TAG_subrange_type
	.long	105                             @ DW_AT_type
	.byte	5                               @ DW_AT_count
	.byte	0                               @ End Of Children Mark
	.byte	9                               @ Abbrev [9] 0x1fa:0x5 DW_TAG_pointer_type
	.long	511                             @ DW_AT_type
	.byte	10                              @ Abbrev [10] 0x1ff:0xc DW_TAG_typedef
	.long	523                             @ DW_AT_type
	.long	.Linfo_string62                 @ DW_AT_name
	.byte	4                               @ DW_AT_decl_file
	.short	628                             @ DW_AT_decl_line
	.byte	11                              @ Abbrev [11] 0x20b:0x18c DW_TAG_structure_type
	.byte	136                             @ DW_AT_byte_size
	.byte	4                               @ DW_AT_decl_file
	.short	596                             @ DW_AT_decl_line
	.byte	12                              @ Abbrev [12] 0x210:0xd DW_TAG_member
	.long	.Linfo_string33                 @ DW_AT_name
	.long	436                             @ DW_AT_type
	.byte	4                               @ DW_AT_decl_file
	.short	598                             @ DW_AT_decl_line
	.byte	0                               @ DW_AT_data_member_location
	.byte	12                              @ Abbrev [12] 0x21d:0xd DW_TAG_member
	.long	.Linfo_string34                 @ DW_AT_name
	.long	436                             @ DW_AT_type
	.byte	4                               @ DW_AT_decl_file
	.short	599                             @ DW_AT_decl_line
	.byte	4                               @ DW_AT_data_member_location
	.byte	12                              @ Abbrev [12] 0x22a:0xd DW_TAG_member
	.long	.Linfo_string35                 @ DW_AT_name
	.long	436                             @ DW_AT_type
	.byte	4                               @ DW_AT_decl_file
	.short	600                             @ DW_AT_decl_line
	.byte	8                               @ DW_AT_data_member_location
	.byte	12                              @ Abbrev [12] 0x237:0xd DW_TAG_member
	.long	.Linfo_string36                 @ DW_AT_name
	.long	436                             @ DW_AT_type
	.byte	4                               @ DW_AT_decl_file
	.short	601                             @ DW_AT_decl_line
	.byte	12                              @ DW_AT_data_member_location
	.byte	12                              @ Abbrev [12] 0x244:0xd DW_TAG_member
	.long	.Linfo_string37                 @ DW_AT_name
	.long	436                             @ DW_AT_type
	.byte	4                               @ DW_AT_decl_file
	.short	602                             @ DW_AT_decl_line
	.byte	16                              @ DW_AT_data_member_location
	.byte	12                              @ Abbrev [12] 0x251:0xd DW_TAG_member
	.long	.Linfo_string38                 @ DW_AT_name
	.long	436                             @ DW_AT_type
	.byte	4                               @ DW_AT_decl_file
	.short	603                             @ DW_AT_decl_line
	.byte	20                              @ DW_AT_data_member_location
	.byte	12                              @ Abbrev [12] 0x25e:0xd DW_TAG_member
	.long	.Linfo_string39                 @ DW_AT_name
	.long	436                             @ DW_AT_type
	.byte	4                               @ DW_AT_decl_file
	.short	604                             @ DW_AT_decl_line
	.byte	24                              @ DW_AT_data_member_location
	.byte	12                              @ Abbrev [12] 0x26b:0xd DW_TAG_member
	.long	.Linfo_string30                 @ DW_AT_name
	.long	41                              @ DW_AT_type
	.byte	4                               @ DW_AT_decl_file
	.short	605                             @ DW_AT_decl_line
	.byte	28                              @ DW_AT_data_member_location
	.byte	12                              @ Abbrev [12] 0x278:0xd DW_TAG_member
	.long	.Linfo_string40                 @ DW_AT_name
	.long	436                             @ DW_AT_type
	.byte	4                               @ DW_AT_decl_file
	.short	606                             @ DW_AT_decl_line
	.byte	32                              @ DW_AT_data_member_location
	.byte	12                              @ Abbrev [12] 0x285:0xd DW_TAG_member
	.long	.Linfo_string41                 @ DW_AT_name
	.long	436                             @ DW_AT_type
	.byte	4                               @ DW_AT_decl_file
	.short	607                             @ DW_AT_decl_line
	.byte	36                              @ DW_AT_data_member_location
	.byte	12                              @ Abbrev [12] 0x292:0xd DW_TAG_member
	.long	.Linfo_string42                 @ DW_AT_name
	.long	919                             @ DW_AT_type
	.byte	4                               @ DW_AT_decl_file
	.short	608                             @ DW_AT_decl_line
	.byte	40                              @ DW_AT_data_member_location
	.byte	12                              @ Abbrev [12] 0x29f:0xd DW_TAG_member
	.long	.Linfo_string43                 @ DW_AT_name
	.long	436                             @ DW_AT_type
	.byte	4                               @ DW_AT_decl_file
	.short	609                             @ DW_AT_decl_line
	.byte	48                              @ DW_AT_data_member_location
	.byte	12                              @ Abbrev [12] 0x2ac:0xd DW_TAG_member
	.long	.Linfo_string44                 @ DW_AT_name
	.long	436                             @ DW_AT_type
	.byte	4                               @ DW_AT_decl_file
	.short	610                             @ DW_AT_decl_line
	.byte	52                              @ DW_AT_data_member_location
	.byte	12                              @ Abbrev [12] 0x2b9:0xd DW_TAG_member
	.long	.Linfo_string45                 @ DW_AT_name
	.long	436                             @ DW_AT_type
	.byte	4                               @ DW_AT_decl_file
	.short	611                             @ DW_AT_decl_line
	.byte	56                              @ DW_AT_data_member_location
	.byte	12                              @ Abbrev [12] 0x2c6:0xd DW_TAG_member
	.long	.Linfo_string46                 @ DW_AT_name
	.long	41                              @ DW_AT_type
	.byte	4                               @ DW_AT_decl_file
	.short	612                             @ DW_AT_decl_line
	.byte	60                              @ DW_AT_data_member_location
	.byte	12                              @ Abbrev [12] 0x2d3:0xd DW_TAG_member
	.long	.Linfo_string47                 @ DW_AT_name
	.long	436                             @ DW_AT_type
	.byte	4                               @ DW_AT_decl_file
	.short	613                             @ DW_AT_decl_line
	.byte	64                              @ DW_AT_data_member_location
	.byte	12                              @ Abbrev [12] 0x2e0:0xd DW_TAG_member
	.long	.Linfo_string48                 @ DW_AT_name
	.long	436                             @ DW_AT_type
	.byte	4                               @ DW_AT_decl_file
	.short	614                             @ DW_AT_decl_line
	.byte	68                              @ DW_AT_data_member_location
	.byte	12                              @ Abbrev [12] 0x2ed:0xd DW_TAG_member
	.long	.Linfo_string49                 @ DW_AT_name
	.long	919                             @ DW_AT_type
	.byte	4                               @ DW_AT_decl_file
	.short	615                             @ DW_AT_decl_line
	.byte	72                              @ DW_AT_data_member_location
	.byte	12                              @ Abbrev [12] 0x2fa:0xd DW_TAG_member
	.long	.Linfo_string50                 @ DW_AT_name
	.long	436                             @ DW_AT_type
	.byte	4                               @ DW_AT_decl_file
	.short	616                             @ DW_AT_decl_line
	.byte	80                              @ DW_AT_data_member_location
	.byte	12                              @ Abbrev [12] 0x307:0xd DW_TAG_member
	.long	.Linfo_string51                 @ DW_AT_name
	.long	436                             @ DW_AT_type
	.byte	4                               @ DW_AT_decl_file
	.short	617                             @ DW_AT_decl_line
	.byte	84                              @ DW_AT_data_member_location
	.byte	12                              @ Abbrev [12] 0x314:0xd DW_TAG_member
	.long	.Linfo_string52                 @ DW_AT_name
	.long	436                             @ DW_AT_type
	.byte	4                               @ DW_AT_decl_file
	.short	618                             @ DW_AT_decl_line
	.byte	88                              @ DW_AT_data_member_location
	.byte	12                              @ Abbrev [12] 0x321:0xd DW_TAG_member
	.long	.Linfo_string53                 @ DW_AT_name
	.long	41                              @ DW_AT_type
	.byte	4                               @ DW_AT_decl_file
	.short	619                             @ DW_AT_decl_line
	.byte	92                              @ DW_AT_data_member_location
	.byte	12                              @ Abbrev [12] 0x32e:0xd DW_TAG_member
	.long	.Linfo_string54                 @ DW_AT_name
	.long	436                             @ DW_AT_type
	.byte	4                               @ DW_AT_decl_file
	.short	620                             @ DW_AT_decl_line
	.byte	96                              @ DW_AT_data_member_location
	.byte	12                              @ Abbrev [12] 0x33b:0xd DW_TAG_member
	.long	.Linfo_string55                 @ DW_AT_name
	.long	436                             @ DW_AT_type
	.byte	4                               @ DW_AT_decl_file
	.short	621                             @ DW_AT_decl_line
	.byte	100                             @ DW_AT_data_member_location
	.byte	12                              @ Abbrev [12] 0x348:0xd DW_TAG_member
	.long	.Linfo_string56                 @ DW_AT_name
	.long	919                             @ DW_AT_type
	.byte	4                               @ DW_AT_decl_file
	.short	622                             @ DW_AT_decl_line
	.byte	104                             @ DW_AT_data_member_location
	.byte	12                              @ Abbrev [12] 0x355:0xd DW_TAG_member
	.long	.Linfo_string57                 @ DW_AT_name
	.long	436                             @ DW_AT_type
	.byte	4                               @ DW_AT_decl_file
	.short	623                             @ DW_AT_decl_line
	.byte	112                             @ DW_AT_data_member_location
	.byte	12                              @ Abbrev [12] 0x362:0xd DW_TAG_member
	.long	.Linfo_string58                 @ DW_AT_name
	.long	436                             @ DW_AT_type
	.byte	4                               @ DW_AT_decl_file
	.short	624                             @ DW_AT_decl_line
	.byte	116                             @ DW_AT_data_member_location
	.byte	12                              @ Abbrev [12] 0x36f:0xd DW_TAG_member
	.long	.Linfo_string59                 @ DW_AT_name
	.long	919                             @ DW_AT_type
	.byte	4                               @ DW_AT_decl_file
	.short	625                             @ DW_AT_decl_line
	.byte	120                             @ DW_AT_data_member_location
	.byte	12                              @ Abbrev [12] 0x37c:0xd DW_TAG_member
	.long	.Linfo_string60                 @ DW_AT_name
	.long	436                             @ DW_AT_type
	.byte	4                               @ DW_AT_decl_file
	.short	626                             @ DW_AT_decl_line
	.byte	128                             @ DW_AT_data_member_location
	.byte	12                              @ Abbrev [12] 0x389:0xd DW_TAG_member
	.long	.Linfo_string61                 @ DW_AT_name
	.long	436                             @ DW_AT_type
	.byte	4                               @ DW_AT_decl_file
	.short	627                             @ DW_AT_decl_line
	.byte	132                             @ DW_AT_data_member_location
	.byte	0                               @ End Of Children Mark
	.byte	5                               @ Abbrev [5] 0x397:0xc DW_TAG_array_type
	.long	41                              @ DW_AT_type
	.byte	6                               @ Abbrev [6] 0x39c:0x6 DW_TAG_subrange_type
	.long	105                             @ DW_AT_type
	.byte	2                               @ DW_AT_count
	.byte	0                               @ End Of Children Mark
	.byte	0                               @ End Of Children Mark
.Ldebug_info_end0:
	.section	.debug_str,"MS",%progbits,1
.Linfo_string0:
	.asciz	"Component: Arm Compiler for Embedded 6.19 Tool: armclang [5e73cb00]" @ string offset=0
.Linfo_string1:
	.asciz	"../../../../LibSTM32CubeMX/CMSIS/Device/ST/STM32F4xx/Source/Templates\\system_stm32f4xx.c" @ string offset=68
.Linfo_string2:
	.asciz	"E:\\PROJ\\mcudev\\STM32F407ZE\\IGTx(iCore)\\000-\347\202\271\347\201\257\347\250\213\345\272\217\\keiluni" @ string offset=157
.Linfo_string3:
	.asciz	"SystemCoreClock"               @ string offset=221
.Linfo_string4:
	.asciz	"unsigned int"                  @ string offset=237
.Linfo_string5:
	.asciz	"uint32_t"                      @ string offset=250
.Linfo_string6:
	.asciz	"AHBPrescTable"                 @ string offset=259
.Linfo_string7:
	.asciz	"unsigned char"                 @ string offset=273
.Linfo_string8:
	.asciz	"uint8_t"                       @ string offset=287
.Linfo_string9:
	.asciz	"__ARRAY_SIZE_TYPE__"           @ string offset=295
.Linfo_string10:
	.asciz	"APBPrescTable"                 @ string offset=315
.Linfo_string11:
	.asciz	"CPUID"                         @ string offset=329
.Linfo_string12:
	.asciz	"ICSR"                          @ string offset=335
.Linfo_string13:
	.asciz	"VTOR"                          @ string offset=340
.Linfo_string14:
	.asciz	"AIRCR"                         @ string offset=345
.Linfo_string15:
	.asciz	"SCR"                           @ string offset=351
.Linfo_string16:
	.asciz	"CCR"                           @ string offset=355
.Linfo_string17:
	.asciz	"SHP"                           @ string offset=359
.Linfo_string18:
	.asciz	"SHCSR"                         @ string offset=363
.Linfo_string19:
	.asciz	"CFSR"                          @ string offset=369
.Linfo_string20:
	.asciz	"HFSR"                          @ string offset=374
.Linfo_string21:
	.asciz	"DFSR"                          @ string offset=379
.Linfo_string22:
	.asciz	"MMFAR"                         @ string offset=384
.Linfo_string23:
	.asciz	"BFAR"                          @ string offset=390
.Linfo_string24:
	.asciz	"AFSR"                          @ string offset=395
.Linfo_string25:
	.asciz	"PFR"                           @ string offset=400
.Linfo_string26:
	.asciz	"DFR"                           @ string offset=404
.Linfo_string27:
	.asciz	"ADR"                           @ string offset=408
.Linfo_string28:
	.asciz	"MMFR"                          @ string offset=412
.Linfo_string29:
	.asciz	"ISAR"                          @ string offset=417
.Linfo_string30:
	.asciz	"RESERVED0"                     @ string offset=422
.Linfo_string31:
	.asciz	"CPACR"                         @ string offset=432
.Linfo_string32:
	.asciz	"SCB_Type"                      @ string offset=438
.Linfo_string33:
	.asciz	"CR"                            @ string offset=447
.Linfo_string34:
	.asciz	"PLLCFGR"                       @ string offset=450
.Linfo_string35:
	.asciz	"CFGR"                          @ string offset=458
.Linfo_string36:
	.asciz	"CIR"                           @ string offset=463
.Linfo_string37:
	.asciz	"AHB1RSTR"                      @ string offset=467
.Linfo_string38:
	.asciz	"AHB2RSTR"                      @ string offset=476
.Linfo_string39:
	.asciz	"AHB3RSTR"                      @ string offset=485
.Linfo_string40:
	.asciz	"APB1RSTR"                      @ string offset=494
.Linfo_string41:
	.asciz	"APB2RSTR"                      @ string offset=503
.Linfo_string42:
	.asciz	"RESERVED1"                     @ string offset=512
.Linfo_string43:
	.asciz	"AHB1ENR"                       @ string offset=522
.Linfo_string44:
	.asciz	"AHB2ENR"                       @ string offset=530
.Linfo_string45:
	.asciz	"AHB3ENR"                       @ string offset=538
.Linfo_string46:
	.asciz	"RESERVED2"                     @ string offset=546
.Linfo_string47:
	.asciz	"APB1ENR"                       @ string offset=556
.Linfo_string48:
	.asciz	"APB2ENR"                       @ string offset=564
.Linfo_string49:
	.asciz	"RESERVED3"                     @ string offset=572
.Linfo_string50:
	.asciz	"AHB1LPENR"                     @ string offset=582
.Linfo_string51:
	.asciz	"AHB2LPENR"                     @ string offset=592
.Linfo_string52:
	.asciz	"AHB3LPENR"                     @ string offset=602
.Linfo_string53:
	.asciz	"RESERVED4"                     @ string offset=612
.Linfo_string54:
	.asciz	"APB1LPENR"                     @ string offset=622
.Linfo_string55:
	.asciz	"APB2LPENR"                     @ string offset=632
.Linfo_string56:
	.asciz	"RESERVED5"                     @ string offset=642
.Linfo_string57:
	.asciz	"BDCR"                          @ string offset=652
.Linfo_string58:
	.asciz	"CSR"                           @ string offset=657
.Linfo_string59:
	.asciz	"RESERVED6"                     @ string offset=661
.Linfo_string60:
	.asciz	"SSCGR"                         @ string offset=671
.Linfo_string61:
	.asciz	"PLLI2SCFGR"                    @ string offset=677
.Linfo_string62:
	.asciz	"RCC_TypeDef"                   @ string offset=688
	.ident	"Component: Arm Compiler for Embedded 6.19 Tool: armclang [5e73cb00]"
	.section	".note.GNU-stack","",%progbits
	.ARM_attribute	16, 1	@ Tag_AV_eba
	.section	.debug_line,"",%progbits
.Lline_table_start0:
